Watching for file changes with StatReloader
Unauthorized: /api/login/
Unauthorized: /api/login/
Forbidden (Origin checking failed - http://localhost:3000 does not match any trusted origins.): /api/reset-password-email/
Watching for file changes with StatReloader
Forbidden (Origin checking failed - http://localhost:3000 does not match any trusted origins.): /api/reset-password-email/
Watching for file changes with StatReloader
Unauthorized: /api/login/
Forbidden (Origin checking failed - http://localhost:3000 does not match any trusted origins.): /api/reset-password-email/
Watching for file changes with StatReloader
Watching for file changes with StatReloader
Watching for file changes with StatReloader
Unauthorized: /api/login/
Watching for file changes with StatReloader
Unauthorized: /api/login/
Watching for file changes with StatReloader
Watching for file changes with StatReloader
Watching for file changes with StatReloader
Unauthorized: /api/login/
Unauthorized: /api/login/
Unauthorized: /api/register/
Watching for file changes with StatReloader
Watching for file changes with StatReloader
Watching for file changes with StatReloader
Watching for file changes with StatReloader
Bad Request: /api/password/reset-email/
Watching for file changes with StatReloader
Watching for file changes with StatReloader
Bad Request: /api/password/reset-email/
Watching for file changes with StatReloader
Watching for file changes with StatReloader
Bad Request: /api/password/reset/
Watching for file changes with StatReloader
Bad Request: /api/password/reset-email/
Watching for file changes with StatReloader
Watching for file changes with StatReloader
Watching for file changes with StatReloader
Watching for file changes with StatReloader
Watching for file changes with StatReloader
Bad Request: /api/password/reset-email/
Watching for file changes with StatReloader
Watching for file changes with StatReloader
Watching for file changes with StatReloader
Bad Request: /api/password/reset-email/
Bad Request: /api/password/reset/
Unauthorized: /api/login/
Watching for file changes with StatReloader
Watching for file changes with StatReloader
Watching for file changes with StatReloader
Watching for file changes with StatReloader
Watching for file changes with StatReloader
Watching for file changes with StatReloader
Unauthorized: /api/login/
Method Not Allowed: /api/login/
Watching for file changes with StatReloader
Watching for file changes with StatReloader
Watching for file changes with StatReloader
Watching for file changes with StatReloader
Watching for file changes with StatReloader
Watching for file changes with StatReloader
Watching for file changes with StatReloader
Watching for file changes with StatReloader
Unauthorized: /api/login/
Watching for file changes with StatReloader
Watching for file changes with StatReloader
Watching for file changes with StatReloader
Watching for file changes with StatReloader
Watching for file changes with StatReloader
Watching for file changes with StatReloader
Watching for file changes with StatReloader
Watching for file changes with StatReloader
Watching for file changes with StatReloader
Watching for file changes with StatReloader
Watching for file changes with StatReloader
Watching for file changes with StatReloader
Watching for file changes with StatReloader
Watching for file changes with StatReloader
Watching for file changes with StatReloader
Watching for file changes with StatReloader
Watching for file changes with StatReloader
Watching for file changes with StatReloader
Watching for file changes with StatReloader
Watching for file changes with StatReloader
Watching for file changes with StatReloader
Watching for file changes with StatReloader
Watching for file changes with StatReloader
Watching for file changes with StatReloader
Watching for file changes with StatReloader
Watching for file changes with StatReloader
Watching for file changes with StatReloader
Watching for file changes with StatReloader
Watching for file changes with StatReloader
Forbidden (CSRF cookie not set.): /api/roadmaps/register
Forbidden (CSRF cookie not set.): /api/users/register
Forbidden (CSRF cookie not set.): /api/users/register
Forbidden (CSRF cookie not set.): /api/users/register
Forbidden (CSRF cookie not set.): /api/register
Forbidden (CSRF cookie not set.): /api/register
Forbidden (CSRF cookie not set.): /api/register
Forbidden (CSRF cookie not set.): /api/roadmaps/social-register
Watching for file changes with StatReloader
Forbidden (CSRF cookie not set.): /api/roadmaps/register
Forbidden (CSRF cookie not set.): /api/roadmaps/register
Forbidden (CSRF cookie not set.): /api/roadmaps/register
Forbidden (CSRF cookie not set.): /api/register
Forbidden (CSRF cookie not set.): /api/register
Watching for file changes with StatReloader
Watching for file changes with StatReloader
Forbidden (CSRF cookie not set.): /api/register
Forbidden (CSRF cookie not set.): /api/register
Watching for file changes with StatReloader
Forbidden (CSRF cookie not set.): /api/register
Watching for file changes with StatReloader
Forbidden (CSRF cookie not set.): /api/resource_types
Forbidden (CSRF cookie not set.): /api/resource_types
Forbidden (CSRF cookie not set.): /api/resource_types
Watching for file changes with StatReloader
Forbidden (CSRF cookie not set.): /api/resource_types
Forbidden (CSRF cookie not set.): /api/resource_types
Watching for file changes with StatReloader
Watching for file changes with StatReloader
Watching for file changes with StatReloader
Watching for file changes with StatReloader
Forbidden (CSRF cookie not set.): /api/resource_types
Forbidden (CSRF cookie not set.): /api/resource_types
Not Found: /api/resource_types
Not Found: /api/resource_types
Forbidden (CSRF cookie not set.): /api/roadmaps
Unauthorized: /api/roadmaps/
Unauthorized: /api/roadmaps/
Unauthorized: /api/roadmaps/
Unauthorized: /api/roadmaps/
Watching for file changes with StatReloader
Watching for file changes with StatReloader
Watching for file changes with StatReloader
Watching for file changes with StatReloader
Watching for file changes with StatReloader
Watching for file changes with StatReloader
Forbidden (CSRF cookie not set.): /api/register
Watching for file changes with StatReloader
Watching for file changes with StatReloader
Watching for file changes with StatReloader
Watching for file changes with StatReloader
Watching for file changes with StatReloader
Watching for file changes with StatReloader
Watching for file changes with StatReloader
Watching for file changes with StatReloader
Watching for file changes with StatReloader
Forbidden (CSRF cookie not set.): /api/social-register
Unauthorized: /api/social-register/
Unauthorized: /api/social-register/
Unauthorized: /api/social-register/
Watching for file changes with StatReloader
Unauthorized: /api/social-register/
Forbidden (CSRF cookie not set.): /api/social-login
Bad Request: /api/password/reset/
Bad Request: /api/password/reset/
Not Found: /api/roadmaps/RM001
Not Found: /api/roadmaps/:RM001
Forbidden (CSRF cookie not set.): /api/roadmaps/RM003
Watching for file changes with StatReloader
Watching for file changes with StatReloader
Forbidden (CSRF cookie not set.): /api/roadmaps/RM003
Forbidden (CSRF cookie not set.): /api/roadmaps/RM003
Watching for file changes with StatReloader
Watching for file changes with StatReloader
Watching for file changes with StatReloader
Watching for file changes with StatReloader
Watching for file changes with StatReloader
Forbidden (CSRF cookie not set.): /api/topics
Watching for file changes with StatReloader
Forbidden (CSRF cookie not set.): /api/topics
Watching for file changes with StatReloader
Forbidden (CSRF cookie not set.): /api/topics
Watching for file changes with StatReloader
Forbidden (CSRF cookie not set.): /api/topics
Forbidden (CSRF cookie not set.): /api/topics
Watching for file changes with StatReloader
Watching for file changes with StatReloader
Watching for file changes with StatReloader
Watching for file changes with StatReloader
Watching for file changes with StatReloader
Watching for file changes with StatReloader
Watching for file changes with StatReloader
Forbidden (CSRF cookie not set.): /api/topics
Forbidden (CSRF cookie not set.): /api/topics
Watching for file changes with StatReloader
Create topic error: {'roadmap_id': [ErrorDetail(string='This field is required.', code='required')]}
Bad Request: /api/topics/
Watching for file changes with StatReloader
Watching for file changes with StatReloader
Watching for file changes with StatReloader
Watching for file changes with StatReloader
Watching for file changes with StatReloader
Watching for file changes with StatReloader
Watching for file changes with StatReloader
Watching for file changes with StatReloader
Create topic error: {'roadmap': [ErrorDetail(string='This field is required.', code='required')]}
Bad Request: /api/topics/
Internal Server Error: /api/topics/
Watching for file changes with StatReloader
Not Found: /api/topics/TP001/
Not Found: /api/topics/TP001
Not Found: /api/topics/'TP001'
Not Found: /api/topics/TP001
Watching for file changes with StatReloader
Not Found: /api/topics/TP001
Watching for file changes with StatReloader
Not Found: /api/topics/TP001
Not Found: /api/topics/TP001
Not Found: /api/topics/TP001
Watching for file changes with StatReloader
Not Found: /api/topics/TP001
Watching for file changes with StatReloader
Not Found: /api/topics/TP001
Watching for file changes with StatReloader
Not Found: /api/topics/TP001
Not Found: /api/topics/TP01
Not Found: /api/topics/'TP001'
Not Found: /api/topics/TP001
Not Found: /favicon.ico
Watching for file changes with StatReloader
Not Found: /api/roadmaps/RM001
Not Found: /api/roadmaps/'RM001'
Not Found: /api/roadmaps/RM003
Not Found: /api/roadmaps/RM002
Update topic TP002 error: {'title': [ErrorDetail(string='This field is required.', code='required')], 'roadmap': [ErrorDetail(string='This field is required.', code='required')]}
Bad Request: /api/topics/TP002/
Update topic TP002 error: {'title': [ErrorDetail(string='This field is required.', code='required')], 'roadmap': [ErrorDetail(string='This field is required.', code='required')]}
Bad Request: /api/topics/TP002/
Watching for file changes with StatReloader
Watching for file changes with StatReloader
Watching for file changes with StatReloader
Update topic TP002 error: {'title': [ErrorDetail(string='This field is required.', code='required')], 'roadmap': [ErrorDetail(string='This field is required.', code='required')]}
Bad Request: /api/topics/TP002/
Bad Request: /api/roadmaps/RM003/
Forbidden (CSRF cookie not set.): /api/topicss/TP002/
Update topic TP002 error: {'roadmap': [ErrorDetail(string='This field is required.', code='required')]}
Bad Request: /api/topics/TP002/
Update topic TP002 error: The `.update()` method does not support writable dotted-source fields by default.
Write an explicit `.update()` method for serializer `topics.serializers.TopicSerializer`, or set `read_only=True` on dotted-source serializer fields.
Internal Server Error: /api/topics/TP002/
Watching for file changes with StatReloader
Watching for file changes with StatReloader
Watching for file changes with StatReloader
Update topic TP002 error: Got AttributeError when attempting to get a value for field `roadmap` on serializer `TopicSerializer`.
The serializer field might be named incorrectly and not match any attribute or key on the `ReturnDict` instance.
Original exception text was: 'str' object has no attribute 'id'.
Internal Server Error: /api/topics/TP002/
Watching for file changes with StatReloader
Update topic TP002 error: `update()` did not return an object instance.
Internal Server Error: /api/topics/TP002/
Watching for file changes with StatReloader
Delete topic TP002 error: (1054, "Unknown column 'Exercise.topic_id' in 'where clause'")
Internal Server Error: /api/topics/TP002/
Not Found: /api/resource_types
Not Found: /api/resource_types/RT001/
Watching for file changes with StatReloader
Method Not Allowed: /api/resource_types/RT002/
Watching for file changes with StatReloader
Watching for file changes with StatReloader
Bad Request: /api/resources/RS002/
Watching for file changes with StatReloader
Watching for file changes with StatReloader
Bad Request: /api/resources/RS002/
Bad Request: /api/resources/RS002/
Watching for file changes with StatReloader
Bad Request: /api/resources/RS002/
Watching for file changes with StatReloader
Bad Request: /api/resources/RS002/
Watching for file changes with StatReloader
Watching for file changes with StatReloader
Watching for file changes with StatReloader
Bad Request: /api/resources/RS002/
Watching for file changes with StatReloader
Bad Request: /api/resources/RS002/
Watching for file changes with StatReloader
Bad Request: /api/resources/RS002/
Watching for file changes with StatReloader
Bad Request: /api/resources/RS002/
Bad Request: /api/resources/RS002/
Watching for file changes with StatReloader
Watching for file changes with StatReloader
Watching for file changes with StatReloader
Watching for file changes with StatReloader
Bad Request: /api/resources/RS002/
Watching for file changes with StatReloader
Bad Request: /api/resources/RS002/
Watching for file changes with StatReloader
Watching for file changes with StatReloader
Watching for file changes with StatReloader
Watching for file changes with StatReloader
Watching for file changes with StatReloader
Watching for file changes with StatReloader
Watching for file changes with StatReloader
Watching for file changes with StatReloader
Post topic error: Field name `roadmap` is not valid for model `Topic` in `topics.serializers.TopicSerializer`.
Internal Server Error: /api/topics/
Watching for file changes with StatReloader
Watching for file changes with StatReloader
Internal Server Error: /api/topics/
Bad Request: /api/roadmaps/
Bad Request: /api/roadmaps/
Forbidden (CSRF cookie not set.): /api/resources
Bad Request: /api/resources/
Bad Request: /api/resources/
Bad Request: /api/resources/
Bad Request: /api/resources/
Bad Request: /api/resources/
Bad Request: /api/resources/
Watching for file changes with StatReloader
Bad Request: /api/resources/
Watching for file changes with StatReloader
Watching for file changes with StatReloader
Internal Server Error: Cannot assign "{'id': 'TP001'}": "Resource.topic" must be a "Topic" instance.
Internal Server Error: /api/resources/
Watching for file changes with StatReloader
Watching for file changes with StatReloader
Bad Request: /api/resources/
Watching for file changes with StatReloader
Watching for file changes with StatReloader
Watching for file changes with StatReloader
Bad Request: /api/resources/
Watching for file changes with StatReloader
Watching for file changes with StatReloader
Topic with id {'id': 'TP001'} does not exist.
Bad Request: /api/resources/
Watching for file changes with StatReloader
Watching for file changes with StatReloader
Watching for file changes with StatReloader
Topic with id HTML Basics does not exist.
Bad Request: /api/resources/
Validation failed: {'topic': [ErrorDetail(string='Invalid pk "TP01" - object does not exist.', code='does_not_exist')]}
Bad Request: /api/resources/
Validation failed: {'topic': [ErrorDetail(string='Invalid pk "TP0001" - object does not exist.', code='does_not_exist')]}
Bad Request: /api/resources/
Topic with id HTML Basics does not exist.
Bad Request: /api/resources/
Watching for file changes with StatReloader
Bad Request: /api/resources/
Watching for file changes with StatReloader
Bad Request: /api/resources/
Watching for file changes with StatReloader
Internal Server Error: /api/resources/
Watching for file changes with StatReloader
Bad Request: /api/resources/
Watching for file changes with StatReloader
Bad Request: /api/resources/
Watching for file changes with StatReloader
Watching for file changes with StatReloader
Watching for file changes with StatReloader
Watching for file changes with StatReloader
Watching for file changes with StatReloader
Forbidden (CSRF cookie not set.): /api/resources
Watching for file changes with StatReloader
Bad Request: /api/resources/
Watching for file changes with StatReloader
Bad Request: /api/resources/
Watching for file changes with StatReloader
Bad Request: /api/resources/
Bad Request: /api/resources/
Watching for file changes with StatReloader
Bad Request: /api/resources/
Watching for file changes with StatReloader
Bad Request: /api/resources/
Bad Request: /api/resources/
Bad Request: /api/resources/
Watching for file changes with StatReloader
Watching for file changes with StatReloader
Watching for file changes with StatReloader
Watching for file changes with StatReloader
Bad Request: /api/exercises/
Not Found: /api/exercises/:id/
Bad Request: /api/exercises/EX002/
Watching for file changes with StatReloader
Watching for file changes with StatReloader
Watching for file changes with StatReloader
Watching for file changes with StatReloader
Bad Request: /api/quizquestions/
Not Found: /api/quizquestions/Q001/
Bad Request: /api/quizquestions/QQ001/
Watching for file changes with StatReloader
Watching for file changes with StatReloader
Watching for file changes with StatReloader
Watching for file changes with StatReloader
Bad Request: /api/quizanswers/
Watching for file changes with StatReloader
Watching for file changes with StatReloader
Bad Request: /api/quizanswers/
Forbidden (CSRF cookie not set.): /api/quizanswers/QA002/
Forbidden (CSRF cookie not set.): /api/quizanswers/QA002/
Not Found: /api/quizanswers/QA003/
Watching for file changes with StatReloader
Watching for file changes with StatReloader
Watching for file changes with StatReloader
Watching for file changes with StatReloader
Watching for file changes with StatReloader
Watching for file changes with StatReloader
Watching for file changes with StatReloader
Watching for file changes with StatReloader
Watching for file changes with StatReloader
Watching for file changes with StatReloader
Watching for file changes with StatReloader
Watching for file changes with StatReloader
Watching for file changes with StatReloader
Watching for file changes with StatReloader
Watching for file changes with StatReloader
Watching for file changes with StatReloader
Watching for file changes with StatReloader
Forbidden (CSRF cookie not set.): /api/enrolls/US002/RM001
Watching for file changes with StatReloader
Watching for file changes with StatReloader
Watching for file changes with StatReloader
Forbidden (CSRF cookie not set.): /api/enrolls/US002/RM001
Watching for file changes with StatReloader
Forbidden (CSRF cookie not set.): /api/enrolls/US002/RM001
Forbidden (CSRF cookie not set.): /api/enrolls/US002/RM001
Watching for file changes with StatReloader
Forbidden (CSRF cookie not set.): /api/enrolls/US002/RM001
Forbidden (CSRF cookie not set.): /api/enrolls/US002/RM001
Forbidden (CSRF cookie not set.): /api/enrolls
Forbidden (CSRF cookie not set.): /api/enrolls
Forbidden (CSRF cookie not set.): /api/enrolls
Forbidden (CSRF cookie not set.): /api/enrolls
Watching for file changes with StatReloader
Watching for file changes with StatReloader
Watching for file changes with StatReloader
Watching for file changes with StatReloader
Forbidden (CSRF cookie not set.): /api/enrolls
Watching for file changes with StatReloader
Forbidden (CSRF cookie not set.): /api/enrolls
Watching for file changes with StatReloader
Forbidden (CSRF cookie not set.): /api/enrolls
Watching for file changes with StatReloader
Watching for file changes with StatReloader
Not Found: /api/enrolls
Unauthorized: /api/enrolls/
Unauthorized: /api/enrolls/
Unauthorized: /api/enrolls/
Unauthorized: /api/enrolls/
Unauthorized: /api/enrolls/
Unauthorized: /api/enrolls/
Watching for file changes with StatReloader
Unauthorized: /api/enrolls/
Watching for file changes with StatReloader
Unauthorized: /api/enrolls/
Unauthorized: /api/enrolls/
Unauthorized: /api/enrolls/
Watching for file changes with StatReloader
Not Found: /
Not Found: /favicon.ico
Not Found: /roadmaps/
Unauthorized: /api/roadmaps/
Method Not Allowed: /api/social-login/
Method Not Allowed: /api/login/
Bad Request: /api/login/
Method Not Allowed: /api/social-login/
Bad Request: /api/social-login/
Method Not Allowed: /api/login/
Unauthorized: /api/login/
Unauthorized: /api/login/
Not Found: /api/reset-password/
Method Not Allowed: /api/password/reset/
Bad Request: /api/password/reset/
Unauthorized: /api/roadmaps/
Unauthorized: /api/roadmaps/
Watching for file changes with StatReloader
Error creating enroll: Field name `enroll_date` is not valid for model `Enroll` in `enroll.serializers.EnrollSerializer`.
Bad Request: /api/enrolls/
Watching for file changes with StatReloader
Error creating enroll: Enroll() got unexpected keyword arguments: 'UserID', 'RoadmapID'
Bad Request: /api/enrolls/
Error creating enroll: Enroll() got unexpected keyword arguments: 'UserID', 'RoadmapID'
Bad Request: /api/enrolls/
Watching for file changes with StatReloader
Watching for file changes with StatReloader
Watching for file changes with StatReloader
Watching for file changes with StatReloader
Watching for file changes with StatReloader
Bad Request: /api/enrolls/
Watching for file changes with StatReloader
Error creating enroll: Enroll() got unexpected keyword arguments: 'UserID', 'RoadmapID'
Bad Request: /api/enrolls/
Error creating enroll: {'UserID': [ErrorDetail(string='This field is required.', code='required')], 'RoadmapID': [ErrorDetail(string='This field is required.', code='required')]}
Bad Request: /api/enrolls/
Watching for file changes with StatReloader
Watching for file changes with StatReloader
Watching for file changes with StatReloader
Error creating enroll: {'UserID': [ErrorDetail(string='This field is required.', code='required')], 'RoadmapID': [ErrorDetail(string='This field is required.', code='required')]}
Bad Request: /api/enrolls/
Watching for file changes with StatReloader
Bad Request: /api/enrolls/
Watching for file changes with StatReloader
Watching for file changes with StatReloader
Watching for file changes with StatReloader
Watching for file changes with StatReloader
Watching for file changes with StatReloader
Watching for file changes with StatReloader
Watching for file changes with StatReloader
Watching for file changes with StatReloader
Watching for file changes with StatReloader
Watching for file changes with StatReloader
Watching for file changes with StatReloader
Watching for file changes with StatReloader
Watching for file changes with StatReloader
Watching for file changes with StatReloader
Watching for file changes with StatReloader
Watching for file changes with StatReloader
Watching for file changes with StatReloader
Watching for file changes with StatReloader
Watching for file changes with StatReloader
Watching for file changes with StatReloader
Watching for file changes with StatReloader
Watching for file changes with StatReloader
Watching for file changes with StatReloader
Unauthorized: /api/enrolls/
Unauthorized: /api/enrolls/
Unauthorized: /api/enrolls/
Watching for file changes with StatReloader
Watching for file changes with StatReloader
Unauthorized: /api/enrolls/
Watching for file changes with StatReloader
Watching for file changes with StatReloader
Unauthorized: /api/users/
Unauthorized: /api/users/
Watching for file changes with StatReloader
Watching for file changes with StatReloader
Unauthorized: /api/users/
Unauthorized: /api/users/
Watching for file changes with StatReloader
Watching for file changes with StatReloader
Unauthorized: /api/users/
Watching for file changes with StatReloader
Watching for file changes with StatReloader
Watching for file changes with StatReloader
Watching for file changes with StatReloader
Watching for file changes with StatReloader
Unauthorized: /api/users/
Watching for file changes with StatReloader
Watching for file changes with StatReloader
Watching for file changes with StatReloader
Watching for file changes with StatReloader
Watching for file changes with StatReloader
Unauthorized: /api/users/
Not Found: /favicon.ico
Not Found: /api/roadmaps
Not Found: /api/roadmaps.
Unauthorized: /api/roadmaps/
Unauthorized: /api/roadmaps/
Unauthorized: /api/roadmaps/
Unauthorized: /api/roadmaps/
Watching for file changes with StatReloader
Not Found: /api/roadmaps/RM001
Watching for file changes with StatReloader
Watching for file changes with StatReloader
Not Found: /api/roadmaps/RM001
Watching for file changes with StatReloader
Watching for file changes with StatReloader
Watching for file changes with StatReloader
Watching for file changes with StatReloader
Watching for file changes with StatReloader
Watching for file changes with StatReloader
Unauthorized: /api/roadmaps/
Unauthorized: /api/roadmaps/
Unauthorized: /api/roadmaps/
Unauthorized: /api/exercises/
Unauthorized: /api/exercises/
Unauthorized: /api/exercises/
Unauthorized: /api/exercises/
Watching for file changes with StatReloader
Watching for file changes with StatReloader
Watching for file changes with StatReloader
Watching for file changes with StatReloader
Unauthorized: /api/roadmaps/
Unauthorized: /api/roadmaps/
Watching for file changes with StatReloader
Watching for file changes with StatReloader
Watching for file changes with StatReloader
Unauthorized: /api/roadmaps/
Watching for file changes with StatReloader
Unauthorized: /api/roadmaps/
Watching for file changes with StatReloader
Watching for file changes with StatReloader
Watching for file changes with StatReloader
Unauthorized: /api/exercises/
Watching for file changes with StatReloader
Unauthorized: /api/exercises/
Unauthorized: /api/exercises/
Watching for file changes with StatReloader
Unauthorized: /api/enrolls/
Watching for file changes with StatReloader
Watching for file changes with StatReloader
Watching for file changes with StatReloader
Watching for file changes with StatReloader
Watching for file changes with StatReloader
Watching for file changes with StatReloader
Watching for file changes with StatReloader
Watching for file changes with StatReloader
Watching for file changes with StatReloader
Watching for file changes with StatReloader
Watching for file changes with StatReloader
Watching for file changes with StatReloader
Watching for file changes with StatReloader
Watching for file changes with StatReloader
Watching for file changes with StatReloader
Watching for file changes with StatReloader
Bad Request: /api/enrolls/
Watching for file changes with StatReloader
Watching for file changes with StatReloader
Watching for file changes with StatReloader
Watching for file changes with StatReloader
Watching for file changes with StatReloader
Watching for file changes with StatReloader
Watching for file changes with StatReloader
Watching for file changes with StatReloader
Watching for file changes with StatReloader
Not Found: /api/enrolls/US002/RM002
Not Found: /api/enrolls/US002/RM002/
Watching for file changes with StatReloader
Watching for file changes with StatReloader
Unauthorized: /api/exercises/
Watching for file changes with StatReloader
Unauthorized: /api/quizanswers/
Watching for file changes with StatReloader
Watching for file changes with StatReloader
Watching for file changes with StatReloader
Watching for file changes with StatReloader
Watching for file changes with StatReloader
Watching for file changes with StatReloader
Watching for file changes with StatReloader
Watching for file changes with StatReloader
Watching for file changes with StatReloader
Watching for file changes with StatReloader
Not Found: /api/resourcetypes/
Unauthorized: /api/resource_types/
Watching for file changes with StatReloader
Watching for file changes with StatReloader
Watching for file changes with StatReloader
Watching for file changes with StatReloader
Watching for file changes with StatReloader
Watching for file changes with StatReloader
Watching for file changes with StatReloader
Watching for file changes with StatReloader
Watching for file changes with StatReloader
Watching for file changes with StatReloader
Watching for file changes with StatReloader
Watching for file changes with StatReloader
Watching for file changes with StatReloader
Watching for file changes with StatReloader
Bad Request: /api/bookmarks/
Watching for file changes with StatReloader
Watching for file changes with StatReloader
Watching for file changes with StatReloader
Watching for file changes with StatReloader
Watching for file changes with StatReloader
Watching for file changes with StatReloader
Watching for file changes with StatReloader
Watching for file changes with StatReloader
Watching for file changes with StatReloader
Watching for file changes with StatReloader
Watching for file changes with StatReloader
Watching for file changes with StatReloader
Watching for file changes with StatReloader
Watching for file changes with StatReloader
Watching for file changes with StatReloader
Method Not Allowed: /api/bookmarks/
Not Found: /api/bookmarks/BM001
Watching for file changes with StatReloader
Not Found: /api/bookmarks/BM001/
Watching for file changes with StatReloader
Watching for file changes with StatReloader
Watching for file changes with StatReloader
Watching for file changes with StatReloader
Watching for file changes with StatReloader
Watching for file changes with StatReloader
Watching for file changes with StatReloader
Watching for file changes with StatReloader
Watching for file changes with StatReloader
Watching for file changes with StatReloader
Watching for file changes with StatReloader
Watching for file changes with StatReloader
Watching for file changes with StatReloader
Watching for file changes with StatReloader
Watching for file changes with StatReloader
Watching for file changes with StatReloader
Watching for file changes with StatReloader
Watching for file changes with StatReloader
Watching for file changes with StatReloader
Watching for file changes with StatReloader
Watching for file changes with StatReloader
Watching for file changes with StatReloader
Watching for file changes with StatReloader
Watching for file changes with StatReloader
Watching for file changes with StatReloader
Watching for file changes with StatReloader
Watching for file changes with StatReloader
Watching for file changes with StatReloader
Watching for file changes with StatReloader
Watching for file changes with StatReloader
Watching for file changes with StatReloader
Not Found: /api/user_topic_progresses/
Not Found: /api/topic/
Not Found: /api/topic-roadmap.
Watching for file changes with StatReloader
Watching for file changes with StatReloader
Watching for file changes with StatReloader
Watching for file changes with StatReloader
Bad Request: /api/user-topic-progress/
Watching for file changes with StatReloader
Bad Request: /api/user-topic-progress/
Watching for file changes with StatReloader
Watching for file changes with StatReloader
Watching for file changes with StatReloader
Watching for file changes with StatReloader
Internal Server Error: /api/user-topic-progress/
Watching for file changes with StatReloader
Internal Server Error: /api/user-topic-progress/
Watching for file changes with StatReloader
Internal Server Error: /api/user-topic-progress/
Watching for file changes with StatReloader
Watching for file changes with StatReloader
Watching for file changes with StatReloader
Not Found: /api/user-topic-progress/percentage/PRG001
Watching for file changes with StatReloader
Watching for file changes with StatReloader
Watching for file changes with StatReloader
Watching for file changes with StatReloader
Watching for file changes with StatReloader
Watching for file changes with StatReloader
Watching for file changes with StatReloader
Watching for file changes with StatReloader
Watching for file changes with StatReloader
Watching for file changes with StatReloader
Watching for file changes with StatReloader
Watching for file changes with StatReloader
Watching for file changes with StatReloader
Watching for file changes with StatReloader
Watching for file changes with StatReloader
Watching for file changes with StatReloader
Watching for file changes with StatReloader
Watching for file changes with StatReloader
Watching for file changes with StatReloader
Watching for file changes with StatReloader
Watching for file changes with StatReloader
Watching for file changes with StatReloader
Watching for file changes with StatReloader
Watching for file changes with StatReloader
Watching for file changes with StatReloader
Watching for file changes with StatReloader
Watching for file changes with StatReloader
Watching for file changes with StatReloader
