2025-04-24 22:54:45,976 INFO Watching for file changes with StatReloader
2025-04-24 22:54:56,873 INFO Processing request: GET /api/users/
2025-04-24 22:54:56,874 INFO Requiring authentication for GET request on path: /api/users/
2025-04-24 22:54:56,894 INFO Decoded user_id: US001 (type: <class 'str'>), role: admin (type: <class 'str'>)
2025-04-24 22:54:56,909 INFO Authenticated user: {'_id': 'US001', 'role': 'admin'}
2025-04-24 22:54:56,911 WARNING Forbidden: /api/users/
2025-04-24 22:54:56,912 WARNING "GET /api/users/ HTTP/1.1" 403 63
2025-04-24 22:56:41,134 INFO Watching for file changes with StatReloader
2025-04-24 22:56:45,131 INFO Processing request: POST /api/login/
2025-04-24 22:56:45,131 INFO Skipping authentication for path: /api/login/
2025-04-24 22:56:45,629 INFO [Token] Generated token for user_id: US001, role: admin
2025-04-24 22:56:45,640 INFO "POST /api/login/ HTTP/1.1" 200 737
2025-04-24 22:56:52,490 INFO Processing request: GET /api/users/
2025-04-24 22:56:52,491 INFO Requiring authentication for GET request on path: /api/users/
2025-04-24 22:56:52,491 INFO Decoded user_id: US001 (type: <class 'str'>), role: admin (type: <class 'str'>)
2025-04-24 22:56:52,497 INFO Authenticated user: {'_id': 'US001', 'role': 'admin'}
2025-04-24 22:56:52,497 INFO Checking user-specific access for path: /api/users/
2025-04-24 22:56:52,498 INFO Allowed roles for this view: None
2025-04-24 22:56:52,498 INFO Middleware processing complete, passing to view
2025-04-24 22:56:52,500 WARNING Forbidden: /api/users/
2025-04-24 22:56:52,501 WARNING "GET /api/users/ HTTP/1.1" 403 63
2025-04-24 22:57:29,846 INFO Watching for file changes with StatReloader
2025-04-24 22:57:34,891 INFO Processing request: POST /api/login/
2025-04-24 22:57:34,891 INFO Skipping authentication for path: /api/login/
2025-04-24 22:57:35,855 INFO [Token] Generated token for user_id: US001, role: admin
2025-04-24 22:57:35,874 INFO "POST /api/login/ HTTP/1.1" 200 737
2025-04-24 22:57:47,236 INFO Processing request: GET /api/users/
2025-04-24 22:57:47,237 INFO Requiring authentication for GET request on path: /api/users/
2025-04-24 22:57:47,238 INFO Decoded user_id: US001 (type: <class 'str'>), role: admin (type: <class 'str'>)
2025-04-24 22:57:47,243 INFO Authenticated user: {'_id': 'US001', 'role': 'admin'}
2025-04-24 22:57:47,243 INFO Checking user-specific access for path: /api/users/
2025-04-24 22:57:47,243 INFO Allowed roles for this view: None
2025-04-24 22:57:47,244 INFO Middleware processing complete, passing to view
2025-04-24 22:57:47,244 WARNING Forbidden: /api/users/
2025-04-24 22:57:47,245 WARNING "GET /api/users/ HTTP/1.1" 403 63
2025-04-24 23:00:08,298 INFO Watching for file changes with StatReloader
2025-04-24 23:01:41,443 INFO Watching for file changes with StatReloader
2025-04-24 23:02:35,338 INFO Watching for file changes with StatReloader
2025-04-24 23:02:52,790 INFO Watching for file changes with StatReloader
2025-04-24 23:02:56,672 INFO Processing request: POST /api/login/
2025-04-24 23:02:56,673 INFO Skipping authentication for path: /api/login/
2025-04-24 23:02:57,160 INFO [Token] Generated token for user_id: US001, role: admin
2025-04-24 23:02:57,169 INFO "POST /api/login/ HTTP/1.1" 200 737
2025-04-24 23:03:04,591 INFO Processing request: GET /api/users/
2025-04-24 23:03:04,591 INFO Requiring authentication for GET request on path: /api/users/
2025-04-24 23:03:04,591 INFO Decoded user_id: US001 (type: <class 'str'>), role: admin (type: <class 'str'>)
2025-04-24 23:03:04,596 INFO Authenticated user: {'_id': 'US001', 'role': 'admin'}
2025-04-24 23:03:04,596 INFO Normalized path: '/api/users', Condition: False
2025-04-24 23:03:04,596 INFO Middleware processing complete, passing to view
2025-04-24 23:03:04,687 ERROR "GET /api/users/ HTTP/1.1" 500 106472
2025-04-24 23:04:32,368 INFO Watching for file changes with StatReloader
2025-04-24 23:04:59,125 INFO Watching for file changes with StatReloader
2025-04-24 23:05:16,047 INFO Watching for file changes with StatReloader
2025-04-24 23:05:18,071 INFO Processing request: GET /api/users/
2025-04-24 23:05:18,071 INFO Requiring authentication for GET request on path: /api/users/
2025-04-24 23:05:18,084 INFO Decoded user_id: US001 (type: <class 'str'>), role: admin (type: <class 'str'>)
2025-04-24 23:05:18,094 INFO Authenticated user: {'_id': 'US001', 'role': 'admin'}
2025-04-24 23:05:18,094 INFO Normalized path: '/api/users', Condition: False
2025-04-24 23:05:18,094 INFO Middleware processing complete, passing to view
2025-04-24 23:05:18,094 INFO Checking permission - User role: admin, Allowed roles: ['admin']
2025-04-24 23:05:18,100 INFO "GET /api/users/ HTTP/1.1" 200 501
2025-04-24 23:07:59,835 INFO Watching for file changes with StatReloader
2025-04-24 23:08:26,013 INFO Processing request: GET /api/users/US001/
2025-04-24 23:08:26,013 INFO Requiring authentication for GET request on path: /api/users/US001/
2025-04-24 23:08:26,035 INFO Decoded user_id: US001 (type: <class 'str'>), role: admin (type: <class 'str'>)
2025-04-24 23:08:26,046 INFO Authenticated user: {'_id': 'US001', 'role': 'admin'}
2025-04-24 23:08:26,047 INFO Normalized path: '/api/users/US001', Condition: True
2025-04-24 23:08:26,047 INFO User ID from path: US001
2025-04-24 23:08:26,047 INFO Middleware processing complete, passing to view
2025-04-24 23:08:26,047 INFO Checking permission - User role: admin, Allowed roles: ['admin', 'user']
2025-04-24 23:08:26,210 ERROR "GET /api/users/US001/ HTTP/1.1" 500 106938
2025-04-24 23:13:19,181 INFO Watching for file changes with StatReloader
2025-04-24 23:16:22,618 INFO Watching for file changes with StatReloader
2025-04-24 23:16:24,763 INFO Processing request: GET /api/users/US001/
2025-04-24 23:16:24,763 INFO Requiring authentication for GET request on path: /api/users/US001/
2025-04-24 23:16:24,777 INFO Decoded user_id: US001 (type: <class 'str'>), role: admin (type: <class 'str'>)
2025-04-24 23:16:24,784 INFO Authenticated user: {'_id': 'US001', 'role': 'admin'}
2025-04-24 23:16:24,784 INFO Normalized path: '/api/users/US001', Condition: True
2025-04-24 23:16:24,784 INFO User ID from path: US001
2025-04-24 23:16:24,784 INFO Middleware processing complete, passing to view
2025-04-24 23:16:24,785 INFO Checking permission - User role: admin, Allowed roles: ['admin', 'user']
2025-04-24 23:16:24,792 INFO "GET /api/users/US001/ HTTP/1.1" 200 249
2025-04-24 23:16:34,381 INFO Processing request: POST /api/social-login/
2025-04-24 23:16:34,382 INFO Skipping authentication for path: /api/social-login/
2025-04-24 23:16:34,469 INFO [Token] Generated token for user_id: US002, role: user
2025-04-24 23:16:34,471 INFO "POST /api/social-login/ HTTP/1.1" 200 674
2025-04-24 23:16:41,286 INFO Processing request: GET /api/users/US001/
2025-04-24 23:16:41,287 INFO Requiring authentication for GET request on path: /api/users/US001/
2025-04-24 23:16:41,287 INFO Decoded user_id: US002 (type: <class 'str'>), role: user (type: <class 'str'>)
2025-04-24 23:16:41,293 INFO Authenticated user: {'_id': 'US002', 'role': 'user'}
2025-04-24 23:16:41,293 INFO Normalized path: '/api/users/US001', Condition: True
2025-04-24 23:16:41,293 INFO User ID from path: US001
2025-04-24 23:16:41,293 INFO Comparing role: user with 'admin'
2025-04-24 23:16:41,294 WARNING User US002 attempted to access data of user US001
2025-04-24 23:16:41,294 WARNING Forbidden: /api/users/US001/
2025-04-24 23:16:41,295 WARNING "GET /api/users/US001/ HTTP/1.1" 403 66
2025-04-24 23:20:41,567 INFO Watching for file changes with StatReloader
2025-04-24 23:20:48,088 INFO Watching for file changes with StatReloader
2025-04-24 23:20:52,418 INFO Processing request: GET /api/users/US001/
2025-04-24 23:20:52,419 INFO Requiring authentication for GET request on path: /api/users/US001/
2025-04-24 23:20:52,432 INFO Decoded user_id: US002 (type: <class 'str'>), role: user (type: <class 'str'>)
2025-04-24 23:20:52,443 INFO Authenticated user: {'_id': 'US002', 'role': 'user'}
2025-04-24 23:20:52,443 INFO Normalized path: '/api/users/US001', Condition: True
2025-04-24 23:20:52,443 INFO User ID from path: US001
2025-04-24 23:20:52,443 INFO Comparing role: user with 'admin'
2025-04-24 23:20:52,443 WARNING User US002 attempted to access data of user US001
2025-04-24 23:20:52,444 WARNING Forbidden: /api/users/US001/
2025-04-24 23:20:52,445 WARNING "GET /api/users/US001/ HTTP/1.1" 403 66
2025-04-24 23:21:03,808 INFO Processing request: DELETE /api/users/US002/
2025-04-24 23:21:03,808 INFO Requiring authentication for DELETE request on path: /api/users/US002/
2025-04-24 23:21:03,809 INFO Decoded user_id: US002 (type: <class 'str'>), role: user (type: <class 'str'>)
2025-04-24 23:21:03,817 INFO Authenticated user: {'_id': 'US002', 'role': 'user'}
2025-04-24 23:21:03,818 INFO Normalized path: '/api/users/US002', Condition: True
2025-04-24 23:21:03,818 INFO User ID from path: US002
2025-04-24 23:21:03,818 INFO Middleware processing complete, passing to view
2025-04-24 23:21:03,818 INFO Checking permission - User role: user, Allowed roles: ['admin', 'user']
2025-04-24 23:21:03,819 WARNING Method Not Allowed: /api/users/US002/
2025-04-24 23:21:03,820 WARNING "DELETE /api/users/US002/ HTTP/1.1" 405 43
2025-04-24 23:21:47,643 INFO Processing request: DELETE /api/users/US002/delete/
2025-04-24 23:21:47,643 INFO Requiring authentication for DELETE request on path: /api/users/US002/delete/
2025-04-24 23:21:47,644 INFO Decoded user_id: US002 (type: <class 'str'>), role: user (type: <class 'str'>)
2025-04-24 23:21:47,654 INFO Authenticated user: {'_id': 'US002', 'role': 'user'}
2025-04-24 23:21:47,655 INFO Normalized path: '/api/users/US002/delete', Condition: True
2025-04-24 23:21:47,655 INFO User ID from path: US002
2025-04-24 23:21:47,655 INFO Middleware processing complete, passing to view
2025-04-24 23:21:47,655 INFO Checking permission - User role: user, Allowed roles: ['admin', 'user']
2025-04-24 23:21:47,695 INFO "DELETE /api/users/US002/delete/ HTTP/1.1" 204 0
2025-04-24 23:22:27,427 INFO Processing request: PUT /api/users/US001/update/
2025-04-24 23:22:27,427 INFO Requiring authentication for PUT request on path: /api/users/US001/update/
2025-04-24 23:22:27,428 WARNING No token provided in Authorization header
2025-04-24 23:22:27,429 WARNING Unauthorized: /api/users/US001/update/
2025-04-24 23:22:27,430 WARNING "PUT /api/users/US001/update/ HTTP/1.1" 401 50
2025-04-24 23:22:40,890 INFO Processing request: POST /api/login/
2025-04-24 23:22:40,890 INFO Skipping authentication for path: /api/login/
2025-04-24 23:22:41,055 ERROR "POST /api/login/ HTTP/1.1" 500 187619
2025-04-24 23:22:45,499 INFO Processing request: POST /api/login/
2025-04-24 23:22:45,499 INFO Skipping authentication for path: /api/login/
2025-04-24 23:22:46,420 INFO [Token] Generated token for user_id: US001, role: admin
2025-04-24 23:22:46,422 INFO "POST /api/login/ HTTP/1.1" 200 737
2025-04-24 23:22:55,808 INFO Processing request: PUT /api/users/US001/update/
2025-04-24 23:22:55,808 INFO Requiring authentication for PUT request on path: /api/users/US001/update/
2025-04-24 23:22:55,809 INFO Decoded user_id: US001 (type: <class 'str'>), role: admin (type: <class 'str'>)
2025-04-24 23:22:55,815 INFO Authenticated user: {'_id': 'US001', 'role': 'admin'}
2025-04-24 23:22:55,815 INFO Normalized path: '/api/users/US001/update', Condition: True
2025-04-24 23:22:55,815 INFO User ID from path: US001
2025-04-24 23:22:55,815 INFO Middleware processing complete, passing to view
2025-04-24 23:22:55,815 INFO Checking permission - User role: admin, Allowed roles: ['admin', 'user']
2025-04-24 23:22:56,720 INFO "PUT /api/users/US001/update/ HTTP/1.1" 200 249
2025-04-24 23:23:12,683 INFO Processing request: POST /api/login/
2025-04-24 23:23:12,684 INFO Skipping authentication for path: /api/login/
2025-04-24 23:23:13,564 INFO [Token] Generated token for user_id: US001, role: admin
2025-04-24 23:23:13,565 INFO "POST /api/login/ HTTP/1.1" 200 737
2025-04-24 23:25:45,055 INFO Watching for file changes with StatReloader
2025-04-24 23:26:02,136 INFO Watching for file changes with StatReloader
2025-04-24 23:26:22,937 INFO Watching for file changes with StatReloader
2025-04-24 23:31:06,540 INFO Watching for file changes with StatReloader
2025-04-24 23:31:28,796 INFO Processing request: GET /api/users/
2025-04-24 23:31:28,796 INFO Requiring authentication for GET request on path: /api/users/
2025-04-24 23:31:28,796 WARNING No token provided in Authorization header
2025-04-24 23:31:28,798 WARNING Unauthorized: /api/users/
2025-04-24 23:31:28,801 WARNING "GET /api/users/ HTTP/1.1" 401 50
2025-04-24 23:31:41,171 INFO Processing request: GET /api/roadmaps/
2025-04-24 23:31:41,172 INFO Skipping authentication for GET request on path: /api/roadmaps/
2025-04-24 23:31:41,192 WARNING No auth_user set in request
2025-04-24 23:31:41,197 WARNING No auth_user set in request
2025-04-24 23:31:41,249 INFO "GET /api/roadmaps/ HTTP/1.1" 200 5566
2025-04-24 23:32:40,398 INFO Processing request: POST /api/roadmaps/
2025-04-24 23:32:40,398 INFO Requiring authentication for POST request on path: /api/roadmaps/
2025-04-24 23:32:40,398 WARNING No token provided in Authorization header
2025-04-24 23:32:40,399 WARNING Unauthorized: /api/roadmaps/
2025-04-24 23:32:40,400 WARNING "POST /api/roadmaps/ HTTP/1.1" 401 50
2025-04-24 23:32:55,712 INFO Processing request: POST /api/roadmaps/
2025-04-24 23:32:55,712 INFO Requiring authentication for POST request on path: /api/roadmaps/
2025-04-24 23:32:55,729 INFO Decoded user_id: US001 (type: <class 'str'>), role: admin (type: <class 'str'>)
2025-04-24 23:32:55,736 INFO Authenticated user: {'_id': 'US001', 'role': 'admin'}
2025-04-24 23:32:55,736 INFO Normalized path: '/api/roadmaps', Condition: True
2025-04-24 23:32:55,736 INFO Middleware processing complete, passing to view
2025-04-24 23:32:55,736 INFO Checking permission - User role: admin, Allowed roles: ['admin']
2025-04-24 23:32:55,747 INFO "POST /api/roadmaps/ HTTP/1.1" 201 173
2025-04-24 23:33:14,441 INFO Processing request: PUT /api/roadmaps/RM002/
2025-04-24 23:33:14,441 INFO Requiring authentication for PUT request on path: /api/roadmaps/RM002/
2025-04-24 23:33:14,442 INFO Decoded user_id: US001 (type: <class 'str'>), role: admin (type: <class 'str'>)
2025-04-24 23:33:14,450 INFO Authenticated user: {'_id': 'US001', 'role': 'admin'}
2025-04-24 23:33:14,450 INFO Normalized path: '/api/roadmaps/RM002', Condition: True
2025-04-24 23:33:14,450 INFO Middleware processing complete, passing to view
2025-04-24 23:33:14,450 INFO Checking permission - User role: admin, Allowed roles: ['admin']
2025-04-24 23:33:14,462 INFO "PUT /api/roadmaps/RM002/ HTTP/1.1" 200 167
2025-04-24 23:35:15,919 INFO Watching for file changes with StatReloader
2025-04-24 23:36:07,483 INFO Processing request: POST /api/topics/
2025-04-24 23:36:07,483 INFO Requiring authentication for POST request on path: /api/topics/
2025-04-24 23:36:07,484 WARNING No token provided in Authorization header
2025-04-24 23:36:07,484 WARNING Unauthorized: /api/topics/
2025-04-24 23:36:07,485 WARNING "POST /api/topics/ HTTP/1.1" 401 50
2025-04-24 23:36:28,412 INFO Processing request: POST /api/topics/
2025-04-24 23:36:28,412 INFO Requiring authentication for POST request on path: /api/topics/
2025-04-24 23:36:28,430 INFO Decoded user_id: US001 (type: <class 'str'>), role: admin (type: <class 'str'>)
2025-04-24 23:36:28,435 INFO Authenticated user: {'_id': 'US001', 'role': 'admin'}
2025-04-24 23:36:28,435 INFO Normalized path: '/api/topics', Condition: True
2025-04-24 23:36:28,435 INFO Middleware processing complete, passing to view
2025-04-24 23:36:28,435 INFO Checking permission - User role: admin, Allowed roles: ['admin']
2025-04-24 23:36:28,443 INFO "POST /api/topics/ HTTP/1.1" 201 116
2025-04-24 23:38:16,638 INFO Watching for file changes with StatReloader
2025-04-24 23:39:13,592 INFO Watching for file changes with StatReloader
2025-04-24 23:39:15,941 INFO Watching for file changes with StatReloader
2025-04-24 23:39:36,071 INFO Watching for file changes with StatReloader
2025-04-24 23:40:39,071 INFO Watching for file changes with StatReloader
2025-04-24 23:41:33,142 INFO Processing request: POST /api/resource_types/
2025-04-24 23:41:33,142 INFO Requiring authentication for POST request on path: /api/resource_types/
2025-04-24 23:41:33,161 INFO Decoded user_id: US001 (type: <class 'str'>), role: admin (type: <class 'str'>)
2025-04-24 23:41:33,167 INFO Authenticated user: {'_id': 'US001', 'role': 'admin'}
2025-04-24 23:41:33,168 INFO Normalized path: '/api/resource_types', Condition: True
2025-04-24 23:41:33,168 INFO Middleware processing complete, passing to view
2025-04-24 23:41:33,168 INFO Checking permission - User role: admin, Allowed roles: ['admin']
2025-04-24 23:41:33,182 INFO "POST /api/resource_types/ HTTP/1.1" 201 96
2025-04-24 23:44:32,309 INFO Processing request: POST /api/resources/
2025-04-24 23:44:32,309 INFO Requiring authentication for POST request on path: /api/resources/
2025-04-24 23:44:32,310 INFO Decoded user_id: US001 (type: <class 'str'>), role: admin (type: <class 'str'>)
2025-04-24 23:44:32,317 INFO Authenticated user: {'_id': 'US001', 'role': 'admin'}
2025-04-24 23:44:32,317 INFO Normalized path: '/api/resources', Condition: True
2025-04-24 23:44:32,317 INFO Middleware processing complete, passing to view
2025-04-24 23:44:32,317 INFO Checking permission - User role: admin, Allowed roles: ['admin']
2025-04-24 23:44:32,356 WARNING Bad Request: /api/resources/
2025-04-24 23:44:32,357 WARNING "POST /api/resources/ HTTP/1.1" 400 143
2025-04-24 23:44:44,860 INFO Processing request: POST /api/resources/
2025-04-24 23:44:44,860 INFO Requiring authentication for POST request on path: /api/resources/
2025-04-24 23:44:44,860 INFO Decoded user_id: US001 (type: <class 'str'>), role: admin (type: <class 'str'>)
2025-04-24 23:44:44,864 INFO Authenticated user: {'_id': 'US001', 'role': 'admin'}
2025-04-24 23:44:44,864 INFO Normalized path: '/api/resources', Condition: True
2025-04-24 23:44:44,864 INFO Middleware processing complete, passing to view
2025-04-24 23:44:44,864 INFO Checking permission - User role: admin, Allowed roles: ['admin']
2025-04-24 23:44:44,881 INFO "POST /api/resources/ HTTP/1.1" 201 203
2025-04-24 23:46:54,445 INFO Watching for file changes with StatReloader
2025-04-24 23:47:07,907 INFO Watching for file changes with StatReloader
2025-04-24 23:48:06,644 INFO Processing request: POST /api/excercises/
2025-04-24 23:48:06,645 INFO Requiring authentication for POST request on path: /api/excercises/
2025-04-24 23:48:06,645 WARNING No token provided in Authorization header
2025-04-24 23:48:06,645 WARNING Unauthorized: /api/excercises/
2025-04-24 23:48:06,646 WARNING "POST /api/excercises/ HTTP/1.1" 401 50
2025-04-24 23:48:14,133 INFO Processing request: POST /api/login/
2025-04-24 23:48:14,133 INFO Skipping authentication for path: /api/login/
2025-04-24 23:48:14,703 INFO [Token] Generated token for user_id: US001, role: admin
2025-04-24 23:48:14,716 INFO "POST /api/login/ HTTP/1.1" 200 737
2025-04-24 23:48:25,051 INFO Processing request: POST /api/excercises/
2025-04-24 23:48:25,051 INFO Requiring authentication for POST request on path: /api/excercises/
2025-04-24 23:48:25,051 INFO Decoded user_id: US001 (type: <class 'str'>), role: admin (type: <class 'str'>)
2025-04-24 23:48:25,054 INFO Authenticated user: {'_id': 'US001', 'role': 'admin'}
2025-04-24 23:48:25,054 INFO Normalized path: '/api/excercises', Condition: True
2025-04-24 23:48:25,054 INFO Middleware processing complete, passing to view
2025-04-24 23:48:25,060 WARNING Not Found: /api/excercises/
2025-04-24 23:48:25,061 WARNING "POST /api/excercises/ HTTP/1.1" 404 11946
2025-04-24 23:48:32,624 INFO Processing request: POST /api/exercises/
2025-04-24 23:48:32,624 INFO Requiring authentication for POST request on path: /api/exercises/
2025-04-24 23:48:32,625 INFO Decoded user_id: US001 (type: <class 'str'>), role: admin (type: <class 'str'>)
2025-04-24 23:48:32,630 INFO Authenticated user: {'_id': 'US001', 'role': 'admin'}
2025-04-24 23:48:32,630 INFO Normalized path: '/api/exercises', Condition: True
2025-04-24 23:48:32,631 INFO Middleware processing complete, passing to view
2025-04-24 23:48:32,631 INFO Checking permission - User role: admin, Allowed roles: ['admin']
2025-04-24 23:48:32,653 INFO "POST /api/exercises/ HTTP/1.1" 201 197
2025-04-24 23:51:03,383 INFO Watching for file changes with StatReloader
2025-04-24 23:51:54,751 INFO Processing request: POST /api/quizquestions/
2025-04-24 23:51:54,751 INFO Requiring authentication for POST request on path: /api/quizquestions/
2025-04-24 23:51:54,751 WARNING No token provided in Authorization header
2025-04-24 23:51:54,752 WARNING Unauthorized: /api/quizquestions/
2025-04-24 23:51:54,752 WARNING "POST /api/quizquestions/ HTTP/1.1" 401 50
2025-04-24 23:52:05,212 INFO Processing request: POST /api/quizquestions/
2025-04-24 23:52:05,212 INFO Requiring authentication for POST request on path: /api/quizquestions/
2025-04-24 23:52:05,227 ERROR Invalid or expired token: Token is invalid
2025-04-24 23:52:05,228 WARNING Unauthorized: /api/quizquestions/
2025-04-24 23:52:05,229 WARNING "POST /api/quizquestions/ HTTP/1.1" 401 86
2025-04-24 23:52:16,105 INFO Processing request: POST /api/quizquestions/
2025-04-24 23:52:16,105 INFO Requiring authentication for POST request on path: /api/quizquestions/
2025-04-24 23:52:16,105 INFO Decoded user_id: US001 (type: <class 'str'>), role: admin (type: <class 'str'>)
2025-04-24 23:52:16,115 INFO Authenticated user: {'_id': 'US001', 'role': 'admin'}
2025-04-24 23:52:16,115 INFO Normalized path: '/api/quizquestions', Condition: True
2025-04-24 23:52:16,115 INFO Middleware processing complete, passing to view
2025-04-24 23:52:16,115 INFO Checking permission - User role: admin, Allowed roles: ['admin']
2025-04-24 23:52:16,219 ERROR "POST /api/quizquestions/ HTTP/1.1" 500 126985
2025-04-24 23:52:27,086 INFO Watching for file changes with StatReloader
2025-04-24 23:53:29,850 INFO Processing request: POST /api/quizquestions/
2025-04-24 23:53:29,850 INFO Requiring authentication for POST request on path: /api/quizquestions/
2025-04-24 23:53:29,868 INFO Decoded user_id: US001 (type: <class 'str'>), role: admin (type: <class 'str'>)
2025-04-24 23:53:29,875 INFO Authenticated user: {'_id': 'US001', 'role': 'admin'}
2025-04-24 23:53:29,875 INFO Normalized path: '/api/quizquestions', Condition: True
2025-04-24 23:53:29,875 INFO Middleware processing complete, passing to view
2025-04-24 23:53:29,876 INFO Checking permission - User role: admin, Allowed roles: ['admin']
2025-04-24 23:53:29,877 WARNING Bad Request: /api/quizquestions/
2025-04-24 23:53:29,878 WARNING "POST /api/quizquestions/ HTTP/1.1" 400 40
2025-04-24 23:53:36,529 INFO Processing request: POST /api/quizquestions/
2025-04-24 23:53:36,530 INFO Requiring authentication for POST request on path: /api/quizquestions/
2025-04-24 23:53:36,530 INFO Decoded user_id: US001 (type: <class 'str'>), role: admin (type: <class 'str'>)
2025-04-24 23:53:36,537 INFO Authenticated user: {'_id': 'US001', 'role': 'admin'}
2025-04-24 23:53:36,537 INFO Normalized path: '/api/quizquestions', Condition: True
2025-04-24 23:53:36,537 INFO Middleware processing complete, passing to view
2025-04-24 23:53:36,538 INFO Checking permission - User role: admin, Allowed roles: ['admin']
2025-04-24 23:53:36,645 ERROR "POST /api/quizquestions/ HTTP/1.1" 500 126985
2025-04-24 23:56:06,014 INFO Watching for file changes with StatReloader
2025-04-24 23:56:10,836 INFO Processing request: POST /api/quizquestions/
2025-04-24 23:56:10,836 INFO Requiring authentication for POST request on path: /api/quizquestions/
2025-04-24 23:56:10,857 INFO Decoded user_id: US001 (type: <class 'str'>), role: admin (type: <class 'str'>)
2025-04-24 23:56:10,865 INFO Authenticated user: {'_id': 'US001', 'role': 'admin'}
2025-04-24 23:56:10,865 INFO Normalized path: '/api/quizquestions', Condition: True
2025-04-24 23:56:10,865 INFO Middleware processing complete, passing to view
2025-04-24 23:56:10,866 INFO Checking permission - User role: admin, Allowed roles: ['admin']
2025-04-24 23:56:10,878 INFO "POST /api/quizquestions/ HTTP/1.1" 201 77
2025-04-24 23:57:14,473 INFO Watching for file changes with StatReloader
2025-04-24 23:58:16,918 INFO Processing request: POST /api/quizanswers/
2025-04-24 23:58:16,919 INFO Requiring authentication for POST request on path: /api/quizanswers/
2025-04-24 23:58:16,919 WARNING No token provided in Authorization header
2025-04-24 23:58:16,919 WARNING Unauthorized: /api/quizanswers/
2025-04-24 23:58:16,920 WARNING "POST /api/quizanswers/ HTTP/1.1" 401 50
2025-04-24 23:58:26,683 INFO Processing request: POST /api/quizanswers/
2025-04-24 23:58:26,684 INFO Requiring authentication for POST request on path: /api/quizanswers/
2025-04-24 23:58:26,700 INFO Decoded user_id: US001 (type: <class 'str'>), role: admin (type: <class 'str'>)
2025-04-24 23:58:26,709 INFO Authenticated user: {'_id': 'US001', 'role': 'admin'}
2025-04-24 23:58:26,709 INFO Normalized path: '/api/quizanswers', Condition: True
2025-04-24 23:58:26,709 INFO Middleware processing complete, passing to view
2025-04-24 23:58:26,709 INFO Checking permission - User role: admin, Allowed roles: ['admin']
2025-04-24 23:58:26,768 ERROR "POST /api/quizanswers/ HTTP/1.1" 500 127184
2025-04-24 23:59:26,951 INFO Watching for file changes with StatReloader
2025-04-24 23:59:28,626 INFO Processing request: POST /api/quizanswers/
2025-04-24 23:59:28,626 INFO Requiring authentication for POST request on path: /api/quizanswers/
2025-04-24 23:59:28,638 INFO Decoded user_id: US001 (type: <class 'str'>), role: admin (type: <class 'str'>)
2025-04-24 23:59:28,648 INFO Authenticated user: {'_id': 'US001', 'role': 'admin'}
2025-04-24 23:59:28,648 INFO Normalized path: '/api/quizanswers', Condition: True
2025-04-24 23:59:28,648 INFO Middleware processing complete, passing to view
2025-04-24 23:59:28,648 INFO Checking permission - User role: admin, Allowed roles: ['admin']
2025-04-24 23:59:28,698 ERROR "POST /api/quizanswers/ HTTP/1.1" 500 107619
2025-04-24 23:59:57,515 INFO Watching for file changes with StatReloader
2025-04-24 23:59:59,035 INFO Processing request: POST /api/quizanswers/
2025-04-24 23:59:59,036 INFO Requiring authentication for POST request on path: /api/quizanswers/
2025-04-24 23:59:59,048 INFO Decoded user_id: US001 (type: <class 'str'>), role: admin (type: <class 'str'>)
2025-04-24 23:59:59,051 INFO Authenticated user: {'_id': 'US001', 'role': 'admin'}
2025-04-24 23:59:59,051 INFO Normalized path: '/api/quizanswers', Condition: True
2025-04-24 23:59:59,051 INFO Middleware processing complete, passing to view
2025-04-24 23:59:59,051 INFO Checking permission - User role: admin, Allowed roles: ['admin']
2025-04-24 23:59:59,115 ERROR "POST /api/quizanswers/ HTTP/1.1" 500 123533
2025-04-25 00:00:30,763 INFO Watching for file changes with StatReloader
2025-04-25 00:00:33,030 INFO Processing request: POST /api/quizanswers/
2025-04-25 00:00:33,030 INFO Requiring authentication for POST request on path: /api/quizanswers/
2025-04-25 00:00:33,041 INFO Decoded user_id: US001 (type: <class 'str'>), role: admin (type: <class 'str'>)
2025-04-25 00:00:33,049 INFO Authenticated user: {'_id': 'US001', 'role': 'admin'}
2025-04-25 00:00:33,050 INFO Normalized path: '/api/quizanswers', Condition: True
2025-04-25 00:00:33,050 INFO Middleware processing complete, passing to view
2025-04-25 00:00:33,050 INFO Checking permission - User role: admin, Allowed roles: ['admin']
2025-04-25 00:00:33,103 ERROR "POST /api/quizanswers/ HTTP/1.1" 500 123538
2025-04-25 00:01:53,338 INFO Watching for file changes with StatReloader
2025-04-25 00:01:56,534 INFO Processing request: POST /api/quizanswers/
2025-04-25 00:01:56,534 INFO Requiring authentication for POST request on path: /api/quizanswers/
2025-04-25 00:01:56,546 INFO Decoded user_id: US001 (type: <class 'str'>), role: admin (type: <class 'str'>)
2025-04-25 00:01:56,572 INFO Authenticated user: {'_id': 'US001', 'role': 'admin'}
2025-04-25 00:01:56,572 INFO Normalized path: '/api/quizanswers', Condition: True
2025-04-25 00:01:56,572 INFO Middleware processing complete, passing to view
2025-04-25 00:01:56,572 INFO Checking permission - User role: admin, Allowed roles: ['admin']
2025-04-25 00:01:56,623 ERROR "POST /api/quizanswers/ HTTP/1.1" 500 142380
2025-04-25 00:02:19,525 INFO Watching for file changes with StatReloader
2025-04-25 00:02:21,347 INFO Processing request: POST /api/quizanswers/
2025-04-25 00:02:21,347 INFO Requiring authentication for POST request on path: /api/quizanswers/
2025-04-25 00:02:21,363 INFO Decoded user_id: US001 (type: <class 'str'>), role: admin (type: <class 'str'>)
2025-04-25 00:02:21,370 INFO Authenticated user: {'_id': 'US001', 'role': 'admin'}
2025-04-25 00:02:21,370 INFO Normalized path: '/api/quizanswers', Condition: True
2025-04-25 00:02:21,370 INFO Middleware processing complete, passing to view
2025-04-25 00:02:21,370 INFO Checking permission - User role: admin, Allowed roles: ['admin']
2025-04-25 00:02:21,387 INFO "POST /api/quizanswers/ HTTP/1.1" 201 153
2025-04-25 00:04:31,458 INFO Processing request: GET /api/roadmaps/
2025-04-25 00:04:31,458 INFO Skipping authentication for GET request on path: /api/roadmaps/
2025-04-25 00:04:31,474 WARNING No auth_user set in request
2025-04-25 00:04:31,477 WARNING No auth_user set in request
2025-04-25 00:04:31,536 INFO "GET /api/roadmaps/ HTTP/1.1" 200 5832
2025-04-25 08:05:52,352 INFO Watching for file changes with StatReloader
2025-04-25 08:07:25,982 INFO Watching for file changes with StatReloader
2025-04-25 08:08:18,714 INFO Watching for file changes with StatReloader
2025-04-25 08:09:02,836 INFO Processing request: POST /api/social-login/
2025-04-25 08:09:02,836 INFO Skipping authentication for path: /api/social-login/
2025-04-25 08:09:02,905 WARNING Bad Request: /api/social-login/
2025-04-25 08:09:02,906 WARNING "POST /api/social-login/ HTTP/1.1" 400 69
2025-04-25 08:09:10,995 INFO Processing request: POST /api/social-login/
2025-04-25 08:09:10,996 INFO Skipping authentication for path: /api/social-login/
2025-04-25 08:09:11,005 WARNING Bad Request: /api/social-login/
2025-04-25 08:09:11,007 WARNING "POST /api/social-login/ HTTP/1.1" 400 69
2025-04-25 08:09:29,170 INFO Processing request: POST /api/social-register/
2025-04-25 08:09:29,170 INFO Skipping authentication for path: /api/social-register/
2025-04-25 08:09:30,663 INFO "POST /api/social-register/ HTTP/1.1" 201 238
2025-04-25 08:09:42,866 INFO Processing request: POST /api/social-login/
2025-04-25 08:09:42,866 INFO Skipping authentication for path: /api/social-login/
2025-04-25 08:09:42,881 INFO [Token] Generated token for user_id: US002, role: user
2025-04-25 08:09:42,905 INFO "POST /api/social-login/ HTTP/1.1" 200 674
2025-04-25 08:10:15,391 INFO Processing request: POST /api/bookmarks/
2025-04-25 08:10:15,391 INFO Requiring authentication for POST request on path: /api/bookmarks/
2025-04-25 08:10:15,392 INFO Decoded user_id: US002 (type: <class 'str'>), role: user (type: <class 'str'>)
2025-04-25 08:10:15,404 INFO Authenticated user: {'_id': 'US002', 'role': 'user'}
2025-04-25 08:10:15,405 INFO Normalized path: '/api/bookmarks', Condition: True
2025-04-25 08:10:15,405 INFO Middleware processing complete, passing to view
2025-04-25 08:10:15,405 INFO Checking permission - User role: user, Allowed roles: ['admin', 'user']
2025-04-25 08:10:15,421 INFO "POST /api/bookmarks/ HTTP/1.1" 201 142
2025-04-25 08:10:23,970 INFO Processing request: GET /api/bookmarks/
2025-04-25 08:10:23,970 INFO Requiring authentication for GET request on path: /api/bookmarks/
2025-04-25 08:10:23,971 INFO Decoded user_id: US002 (type: <class 'str'>), role: user (type: <class 'str'>)
2025-04-25 08:10:23,980 INFO Authenticated user: {'_id': 'US002', 'role': 'user'}
2025-04-25 08:10:23,980 INFO Normalized path: '/api/bookmarks', Condition: True
2025-04-25 08:10:23,980 INFO Middleware processing complete, passing to view
2025-04-25 08:10:23,981 INFO Checking permission - User role: user, Allowed roles: ['admin', 'user']
2025-04-25 08:10:23,981 INFO User US002 accessed their own bookmarks
2025-04-25 08:10:23,987 INFO "GET /api/bookmarks/ HTTP/1.1" 200 148
2025-04-25 08:10:48,785 INFO Processing request: POST /api/social-register/
2025-04-25 08:10:48,786 INFO Skipping authentication for path: /api/social-register/
2025-04-25 08:10:48,798 WARNING Bad Request: /api/social-register/
2025-04-25 08:10:48,800 WARNING "POST /api/social-register/ HTTP/1.1" 400 128
2025-04-25 08:10:59,150 INFO Processing request: POST /api/social-register/
2025-04-25 08:10:59,150 INFO Skipping authentication for path: /api/social-register/
2025-04-25 08:11:00,289 INFO "POST /api/social-register/ HTTP/1.1" 201 239
2025-04-25 08:11:16,300 INFO Processing request: POST /api/social-login/
2025-04-25 08:11:16,301 INFO Skipping authentication for path: /api/social-login/
2025-04-25 08:11:16,311 INFO [Token] Generated token for user_id: US003, role: user
2025-04-25 08:11:16,312 INFO "POST /api/social-login/ HTTP/1.1" 200 675
2025-04-25 08:11:27,034 INFO Processing request: GET /api/bookmarks/
2025-04-25 08:11:27,034 INFO Requiring authentication for GET request on path: /api/bookmarks/
2025-04-25 08:11:27,035 INFO Decoded user_id: US003 (type: <class 'str'>), role: user (type: <class 'str'>)
2025-04-25 08:11:27,044 INFO Authenticated user: {'_id': 'US003', 'role': 'user'}
2025-04-25 08:11:27,044 INFO Normalized path: '/api/bookmarks', Condition: True
2025-04-25 08:11:27,044 INFO Middleware processing complete, passing to view
2025-04-25 08:11:27,044 INFO Checking permission - User role: user, Allowed roles: ['admin', 'user']
2025-04-25 08:11:27,045 INFO User US003 accessed their own bookmarks
2025-04-25 08:11:27,047 INFO "GET /api/bookmarks/ HTTP/1.1" 200 63
2025-04-25 08:11:40,989 INFO Processing request: POST /api/bookmarks/
2025-04-25 08:11:40,990 INFO Requiring authentication for POST request on path: /api/bookmarks/
2025-04-25 08:11:40,991 INFO Decoded user_id: US003 (type: <class 'str'>), role: user (type: <class 'str'>)
2025-04-25 08:11:40,996 INFO Authenticated user: {'_id': 'US003', 'role': 'user'}
2025-04-25 08:11:40,997 INFO Normalized path: '/api/bookmarks', Condition: True
2025-04-25 08:11:40,997 INFO Middleware processing complete, passing to view
2025-04-25 08:11:40,997 INFO Checking permission - User role: user, Allowed roles: ['admin', 'user']
2025-04-25 08:11:41,013 INFO "POST /api/bookmarks/ HTTP/1.1" 201 142
2025-04-25 08:11:59,651 INFO Processing request: GET /api/bookmarks/BM001/
2025-04-25 08:11:59,651 INFO Requiring authentication for GET request on path: /api/bookmarks/BM001/
2025-04-25 08:11:59,652 INFO Decoded user_id: US003 (type: <class 'str'>), role: user (type: <class 'str'>)
2025-04-25 08:11:59,657 INFO Authenticated user: {'_id': 'US003', 'role': 'user'}
2025-04-25 08:11:59,658 INFO Normalized path: '/api/bookmarks/BM001', Condition: True
2025-04-25 08:11:59,658 INFO Middleware processing complete, passing to view
2025-04-25 08:11:59,659 INFO Checking permission - User role: user, Allowed roles: ['admin', 'user']
2025-04-25 08:11:59,665 INFO "GET /api/bookmarks/BM001/ HTTP/1.1" 200 146
2025-04-25 08:12:12,303 INFO Processing request: GET /api/bookmarks/BM002/
2025-04-25 08:12:12,303 INFO Requiring authentication for GET request on path: /api/bookmarks/BM002/
2025-04-25 08:12:12,304 INFO Decoded user_id: US003 (type: <class 'str'>), role: user (type: <class 'str'>)
2025-04-25 08:12:12,310 INFO Authenticated user: {'_id': 'US003', 'role': 'user'}
2025-04-25 08:12:12,310 INFO Normalized path: '/api/bookmarks/BM002', Condition: True
2025-04-25 08:12:12,310 INFO Middleware processing complete, passing to view
2025-04-25 08:12:12,310 INFO Checking permission - User role: user, Allowed roles: ['admin', 'user']
2025-04-25 08:12:12,333 INFO "GET /api/bookmarks/BM002/ HTTP/1.1" 200 146
2025-04-25 08:17:46,691 INFO Watching for file changes with StatReloader
2025-04-25 08:17:56,647 INFO Watching for file changes with StatReloader
2025-04-25 08:17:59,721 INFO Processing request: GET /api/bookmarks/BM002/
2025-04-25 08:17:59,721 INFO Requiring authentication for GET request on path: /api/bookmarks/BM002/
2025-04-25 08:17:59,736 INFO Decoded user_id: US003 (type: <class 'str'>), role: user (type: <class 'str'>)
2025-04-25 08:17:59,743 INFO Authenticated user: {'_id': 'US003', 'role': 'user'}
2025-04-25 08:17:59,743 INFO Normalized path: '/api/bookmarks/BM002', Condition: True
2025-04-25 08:17:59,743 INFO Middleware processing complete, passing to view
2025-04-25 08:17:59,743 INFO Checking permission - User role: user, Allowed roles: ['admin', 'user']
2025-04-25 08:17:59,754 INFO "GET /api/bookmarks/BM002/ HTTP/1.1" 200 146
2025-04-25 08:18:05,393 INFO Processing request: GET /api/bookmarks/BM001/
2025-04-25 08:18:05,393 INFO Requiring authentication for GET request on path: /api/bookmarks/BM001/
2025-04-25 08:18:05,394 INFO Decoded user_id: US003 (type: <class 'str'>), role: user (type: <class 'str'>)
2025-04-25 08:18:05,399 INFO Authenticated user: {'_id': 'US003', 'role': 'user'}
2025-04-25 08:18:05,399 INFO Normalized path: '/api/bookmarks/BM001', Condition: True
2025-04-25 08:18:05,399 INFO Middleware processing complete, passing to view
2025-04-25 08:18:05,399 INFO Checking permission - User role: user, Allowed roles: ['admin', 'user']
2025-04-25 08:18:05,406 INFO "GET /api/bookmarks/BM001/ HTTP/1.1" 200 146
2025-04-25 08:18:47,222 INFO Watching for file changes with StatReloader
2025-04-25 08:19:02,035 INFO Processing request: GET /api/bookmarks/BM001/
2025-04-25 08:19:02,036 INFO Requiring authentication for GET request on path: /api/bookmarks/BM001/
2025-04-25 08:19:02,055 INFO Decoded user_id: US003 (type: <class 'str'>), role: user (type: <class 'str'>)
2025-04-25 08:19:02,061 INFO Authenticated user: {'_id': 'US003', 'role': 'user'}
2025-04-25 08:19:02,061 INFO Normalized path: '/api/bookmarks/BM001', Condition: True
2025-04-25 08:19:02,061 INFO Middleware processing complete, passing to view
2025-04-25 08:19:02,062 INFO Checking permission - User role: user, Allowed roles: ['admin', 'user']
2025-04-25 08:19:02,071 INFO "GET /api/bookmarks/BM001/ HTTP/1.1" 200 146
2025-04-25 08:19:05,706 INFO Processing request: GET /api/bookmarks/BM002/
2025-04-25 08:19:05,706 INFO Requiring authentication for GET request on path: /api/bookmarks/BM002/
2025-04-25 08:19:05,706 INFO Decoded user_id: US003 (type: <class 'str'>), role: user (type: <class 'str'>)
2025-04-25 08:19:05,712 INFO Authenticated user: {'_id': 'US003', 'role': 'user'}
2025-04-25 08:19:05,712 INFO Normalized path: '/api/bookmarks/BM002', Condition: True
2025-04-25 08:19:05,713 INFO Middleware processing complete, passing to view
2025-04-25 08:19:05,713 INFO Checking permission - User role: user, Allowed roles: ['admin', 'user']
2025-04-25 08:19:05,717 INFO "GET /api/bookmarks/BM002/ HTTP/1.1" 200 146
2025-04-25 08:22:29,261 INFO Watching for file changes with StatReloader
2025-04-25 08:22:39,994 INFO Processing request: GET /api/bookmarks/BM002/
2025-04-25 08:22:39,995 INFO Requiring authentication for GET request on path: /api/bookmarks/BM002/
2025-04-25 08:22:40,014 INFO Decoded user_id: US003 (type: <class 'str'>), role: user (type: <class 'str'>)
2025-04-25 08:22:40,020 INFO Authenticated user: {'_id': 'US003', 'role': 'user'}
2025-04-25 08:22:40,020 INFO Normalized path: '/api/bookmarks/BM002', Condition: True
2025-04-25 08:22:40,020 INFO Middleware processing complete, passing to view
2025-04-25 08:22:40,021 INFO Checking permission - User role: user, Allowed roles: ['admin', 'user']
2025-04-25 08:22:40,021 INFO Authenticated user: {'_id': 'US003', 'role': 'user'}
2025-04-25 08:22:40,028 INFO "GET /api/bookmarks/BM002/ HTTP/1.1" 200 146
2025-04-25 08:23:51,440 INFO Processing request: GET /api/bookmarks/BM001/
2025-04-25 08:23:51,440 INFO Requiring authentication for GET request on path: /api/bookmarks/BM001/
2025-04-25 08:23:51,442 INFO Decoded user_id: US003 (type: <class 'str'>), role: user (type: <class 'str'>)
2025-04-25 08:23:51,454 INFO Authenticated user: {'_id': 'US003', 'role': 'user'}
2025-04-25 08:23:51,454 INFO Normalized path: '/api/bookmarks/BM001', Condition: True
2025-04-25 08:23:51,454 INFO Middleware processing complete, passing to view
2025-04-25 08:23:51,455 INFO Checking permission - User role: user, Allowed roles: ['admin', 'user']
2025-04-25 08:23:51,455 INFO Authenticated user: {'_id': 'US003', 'role': 'user'}
2025-04-25 08:23:51,461 INFO "GET /api/bookmarks/BM001/ HTTP/1.1" 200 146
2025-04-25 08:27:07,971 INFO Processing request: GET /api/exercises/
2025-04-25 08:27:07,971 INFO Skipping authentication for GET request on path: /api/exercises/
2025-04-25 08:27:07,987 INFO "GET /api/exercises/ HTTP/1.1" 200 197
2025-04-25 08:27:24,848 INFO Processing request: GET /api/exercises/
2025-04-25 08:27:24,848 INFO Skipping authentication for GET request on path: /api/exercises/
2025-04-25 08:27:24,859 INFO "GET /api/exercises/ HTTP/1.1" 200 197
2025-04-25 08:28:26,146 INFO Watching for file changes with StatReloader
2025-04-25 08:28:35,040 INFO Watching for file changes with StatReloader
2025-04-25 08:28:53,115 INFO Watching for file changes with StatReloader
2025-04-25 08:28:58,629 INFO Processing request: GET /api/bookmarks/BM001/
2025-04-25 08:28:58,629 INFO Requiring authentication for GET request on path: /api/bookmarks/BM001/
2025-04-25 08:28:58,646 INFO Decoded user_id: US003 (type: <class 'str'>), role: user (type: <class 'str'>)
2025-04-25 08:28:58,652 INFO Authenticated user: {'_id': 'US003', 'role': 'user'}
2025-04-25 08:28:58,652 INFO Normalized path: '/api/bookmarks/BM001', Condition: True
2025-04-25 08:28:58,652 INFO Middleware processing complete, passing to view
2025-04-25 08:28:58,652 INFO Checking permission - User role: user, Allowed roles: ['admin', 'user']
2025-04-25 08:28:58,653 INFO Authenticated user: {'_id': 'US003', 'role': 'user'}
2025-04-25 08:28:58,657 INFO Authenticated user ID: US003, Role: user
2025-04-25 08:28:58,659 INFO Bookmark UserID: US002, Type: <class 'str'>
2025-04-25 08:28:58,659 INFO Comparing bookmark_user_id: US002 with authenticated_user_id: US003
2025-04-25 08:28:58,659 WARNING User US003 attempted to access bookmark of user US002
2025-04-25 08:28:58,660 WARNING Forbidden: /api/bookmarks/BM001/
2025-04-25 08:28:58,661 WARNING "GET /api/bookmarks/BM001/ HTTP/1.1" 403 63
2025-04-25 08:29:09,423 INFO Processing request: GET /api/bookmarks/
2025-04-25 08:29:09,424 INFO Requiring authentication for GET request on path: /api/bookmarks/
2025-04-25 08:29:09,424 INFO Decoded user_id: US003 (type: <class 'str'>), role: user (type: <class 'str'>)
2025-04-25 08:29:09,431 INFO Authenticated user: {'_id': 'US003', 'role': 'user'}
2025-04-25 08:29:09,431 INFO Normalized path: '/api/bookmarks', Condition: True
2025-04-25 08:29:09,431 INFO Middleware processing complete, passing to view
2025-04-25 08:29:09,432 INFO Checking permission - User role: user, Allowed roles: ['admin', 'user']
2025-04-25 08:29:09,433 INFO User US003 accessed their own bookmarks
2025-04-25 08:29:09,440 INFO "GET /api/bookmarks/ HTTP/1.1" 200 148
2025-04-25 08:29:15,802 INFO Processing request: POST /api/login/
2025-04-25 08:29:15,802 INFO Skipping authentication for path: /api/login/
2025-04-25 08:29:16,807 INFO [Token] Generated token for user_id: US001, role: admin
2025-04-25 08:29:16,808 INFO "POST /api/login/ HTTP/1.1" 200 737
2025-04-25 08:29:23,774 INFO Processing request: GET /api/bookmarks/
2025-04-25 08:29:23,774 INFO Requiring authentication for GET request on path: /api/bookmarks/
2025-04-25 08:29:23,775 INFO Decoded user_id: US001 (type: <class 'str'>), role: admin (type: <class 'str'>)
2025-04-25 08:29:23,782 INFO Authenticated user: {'_id': 'US001', 'role': 'admin'}
2025-04-25 08:29:23,782 INFO Normalized path: '/api/bookmarks', Condition: True
2025-04-25 08:29:23,782 INFO Middleware processing complete, passing to view
2025-04-25 08:29:23,782 INFO Checking permission - User role: admin, Allowed roles: ['admin', 'user']
2025-04-25 08:29:23,783 INFO Admin accessed all bookmarks
2025-04-25 08:29:23,785 INFO "GET /api/bookmarks/ HTTP/1.1" 200 234
2025-04-25 08:30:34,201 INFO Processing request: POST /api/exercises/
2025-04-25 08:30:34,201 INFO Requiring authentication for POST request on path: /api/exercises/
2025-04-25 08:30:34,201 INFO Decoded user_id: US003 (type: <class 'str'>), role: user (type: <class 'str'>)
2025-04-25 08:30:34,210 INFO Authenticated user: {'_id': 'US003', 'role': 'user'}
2025-04-25 08:30:34,210 INFO Normalized path: '/api/exercises', Condition: True
2025-04-25 08:30:34,210 INFO Middleware processing complete, passing to view
2025-04-25 08:30:34,211 INFO Checking permission - User role: user, Allowed roles: ['admin']
2025-04-25 08:30:34,211 WARNING Permission denied - User role: user, Allowed roles: ['admin']
2025-04-25 08:30:34,212 WARNING Forbidden: /api/exercises/
2025-04-25 08:30:34,213 WARNING "POST /api/exercises/ HTTP/1.1" 403 63
2025-04-25 08:31:19,686 INFO Processing request: GET /api/exercises/EX001
2025-04-25 08:31:19,686 INFO Skipping authentication for GET request on path: /api/exercises/EX001
2025-04-25 08:31:19,699 WARNING Not Found: /api/exercises/EX001
2025-04-25 08:31:19,699 WARNING "GET /api/exercises/EX001 HTTP/1.1" 404 11962
2025-04-25 08:31:22,022 INFO Processing request: GET /api/exercises/EX001/
2025-04-25 08:31:22,023 INFO Skipping authentication for GET request on path: /api/exercises/EX001/
2025-04-25 08:31:22,043 INFO "GET /api/exercises/EX001/ HTTP/1.1" 200 195
2025-04-25 08:35:35,436 INFO Watching for file changes with StatReloader
2025-04-25 08:35:51,680 INFO Watching for file changes with StatReloader
2025-04-25 08:36:35,511 INFO Watching for file changes with StatReloader
2025-04-25 08:37:49,823 INFO Watching for file changes with StatReloader
2025-04-25 08:39:45,726 INFO Watching for file changes with StatReloader
2025-04-25 08:39:54,590 INFO Watching for file changes with StatReloader
2025-04-25 08:43:40,722 INFO Watching for file changes with StatReloader
2025-04-25 08:43:58,944 INFO Watching for file changes with StatReloader
2025-04-25 08:44:44,784 INFO Watching for file changes with StatReloader
2025-04-25 08:44:53,297 INFO Processing request: POST /api/enrolls/
2025-04-25 08:44:53,297 INFO Requiring authentication for POST request on path: /api/enrolls/
2025-04-25 08:44:53,298 WARNING No token provided in Authorization header
2025-04-25 08:44:53,299 WARNING Unauthorized: /api/enrolls/
2025-04-25 08:44:53,300 WARNING "POST /api/enrolls/ HTTP/1.1" 401 50
2025-04-25 08:45:13,200 INFO Processing request: POST /api/enrolls/
2025-04-25 08:45:13,200 INFO Requiring authentication for POST request on path: /api/enrolls/
2025-04-25 08:45:13,225 INFO Decoded user_id: US003 (type: <class 'str'>), role: user (type: <class 'str'>)
2025-04-25 08:45:13,234 INFO Authenticated user: {'_id': 'US003', 'role': 'user'}
2025-04-25 08:45:13,234 INFO Normalized path: '/api/enrolls', Condition: True
2025-04-25 08:45:13,234 INFO Middleware processing complete, passing to view
2025-04-25 08:45:13,235 INFO Checking permission - User role: user, Allowed roles: ['admin', 'user']
2025-04-25 08:45:13,267 INFO "POST /api/enrolls/ HTTP/1.1" 201 178
2025-04-25 08:45:29,793 INFO Processing request: POST /api/social-login/
2025-04-25 08:45:29,793 INFO Skipping authentication for path: /api/social-login/
2025-04-25 08:45:29,870 INFO [Token] Generated token for user_id: US002, role: user
2025-04-25 08:45:29,871 INFO "POST /api/social-login/ HTTP/1.1" 200 674
2025-04-25 08:45:45,535 INFO Processing request: POST /api/enrolls/
2025-04-25 08:45:45,535 INFO Requiring authentication for POST request on path: /api/enrolls/
2025-04-25 08:45:45,535 INFO Decoded user_id: US002 (type: <class 'str'>), role: user (type: <class 'str'>)
2025-04-25 08:45:45,542 INFO Authenticated user: {'_id': 'US002', 'role': 'user'}
2025-04-25 08:45:45,542 INFO Normalized path: '/api/enrolls', Condition: True
2025-04-25 08:45:45,542 INFO Middleware processing complete, passing to view
2025-04-25 08:45:45,542 INFO Checking permission - User role: user, Allowed roles: ['admin', 'user']
2025-04-25 08:45:45,561 INFO "POST /api/enrolls/ HTTP/1.1" 201 178
2025-04-25 08:45:52,233 INFO Processing request: GET /api/enrolls/ER002/
2025-04-25 08:45:52,234 INFO Requiring authentication for GET request on path: /api/enrolls/ER002/
2025-04-25 08:45:52,235 INFO Decoded user_id: US002 (type: <class 'str'>), role: user (type: <class 'str'>)
2025-04-25 08:45:52,243 INFO Authenticated user: {'_id': 'US002', 'role': 'user'}
2025-04-25 08:45:52,243 INFO Normalized path: '/api/enrolls/ER002', Condition: True
2025-04-25 08:45:52,243 INFO Middleware processing complete, passing to view
2025-04-25 08:45:52,339 ERROR "GET /api/enrolls/ER002/ HTTP/1.1" 500 106852
2025-04-25 08:46:28,202 INFO Processing request: GET /api/bookmarks/BM002/
2025-04-25 08:46:28,202 INFO Requiring authentication for GET request on path: /api/bookmarks/BM002/
2025-04-25 08:46:28,202 INFO Decoded user_id: US001 (type: <class 'str'>), role: admin (type: <class 'str'>)
2025-04-25 08:46:28,207 INFO Authenticated user: {'_id': 'US001', 'role': 'admin'}
2025-04-25 08:46:28,207 INFO Normalized path: '/api/bookmarks/BM002', Condition: True
2025-04-25 08:46:28,207 INFO Middleware processing complete, passing to view
2025-04-25 08:46:28,270 ERROR "GET /api/bookmarks/BM002/ HTTP/1.1" 500 106930
2025-04-25 08:48:58,242 INFO Watching for file changes with StatReloader
2025-04-25 08:49:13,328 INFO Watching for file changes with StatReloader
2025-04-25 08:49:22,201 INFO Watching for file changes with StatReloader
2025-04-25 08:49:24,442 INFO Processing request: GET /api/bookmarks/BM002/
2025-04-25 08:49:24,442 INFO Requiring authentication for GET request on path: /api/bookmarks/BM002/
2025-04-25 08:49:24,458 INFO Decoded user_id: US001 (type: <class 'str'>), role: admin (type: <class 'str'>)
2025-04-25 08:49:24,463 INFO Authenticated user: {'_id': 'US001', 'role': 'admin'}
2025-04-25 08:49:24,463 INFO Normalized path: '/api/bookmarks/BM002', Condition: True
2025-04-25 08:49:24,463 INFO Middleware processing complete, passing to view
2025-04-25 08:49:24,464 INFO Checking permission - User role: admin, Allowed roles: ['admin', 'user']
2025-04-25 08:49:24,464 INFO Authenticated user: {'_id': 'US001', 'role': 'admin'}
2025-04-25 08:49:24,465 INFO Authenticated user ID: US001, Role: admin
2025-04-25 08:49:24,465 INFO User is admin, allowing access to object
2025-04-25 08:49:24,469 INFO "GET /api/bookmarks/BM002/ HTTP/1.1" 200 146
2025-04-25 08:49:29,302 INFO Processing request: GET /api/bookmarks/BM001/
2025-04-25 08:49:29,302 INFO Requiring authentication for GET request on path: /api/bookmarks/BM001/
2025-04-25 08:49:29,303 INFO Decoded user_id: US001 (type: <class 'str'>), role: admin (type: <class 'str'>)
2025-04-25 08:49:29,308 INFO Authenticated user: {'_id': 'US001', 'role': 'admin'}
2025-04-25 08:49:29,308 INFO Normalized path: '/api/bookmarks/BM001', Condition: True
2025-04-25 08:49:29,308 INFO Middleware processing complete, passing to view
2025-04-25 08:49:29,308 INFO Checking permission - User role: admin, Allowed roles: ['admin', 'user']
2025-04-25 08:49:29,309 INFO Authenticated user: {'_id': 'US001', 'role': 'admin'}
2025-04-25 08:49:29,310 INFO Authenticated user ID: US001, Role: admin
2025-04-25 08:49:29,311 INFO User is admin, allowing access to object
2025-04-25 08:49:29,313 INFO "GET /api/bookmarks/BM001/ HTTP/1.1" 200 146
2025-04-25 08:50:06,497 INFO Watching for file changes with StatReloader
2025-04-25 08:51:14,785 INFO Watching for file changes with StatReloader
2025-04-25 08:51:32,970 INFO Watching for file changes with StatReloader
2025-04-25 08:51:35,034 INFO Processing request: GET /api/bookmarks/BM001/
2025-04-25 08:51:35,035 INFO Requiring authentication for GET request on path: /api/bookmarks/BM001/
2025-04-25 08:51:35,051 INFO Decoded user_id: US001 (type: <class 'str'>), role: admin (type: <class 'str'>)
2025-04-25 08:51:35,061 INFO Authenticated user: {'_id': 'US001', 'role': 'admin'}
2025-04-25 08:51:35,061 INFO Normalized path: '/api/bookmarks/BM001', Condition: True
2025-04-25 08:51:35,062 INFO Middleware processing complete, passing to view
2025-04-25 08:51:35,062 INFO Checking permission - User role: admin, Allowed roles: ['admin', 'user']
2025-04-25 08:51:35,063 INFO User is admin, allowing access to bookmark
2025-04-25 08:51:35,068 INFO "GET /api/bookmarks/BM001/ HTTP/1.1" 200 146
2025-04-25 08:51:41,611 INFO Processing request: GET /api/bookmarks/BM002/
2025-04-25 08:51:41,611 INFO Requiring authentication for GET request on path: /api/bookmarks/BM002/
2025-04-25 08:51:41,612 INFO Decoded user_id: US001 (type: <class 'str'>), role: admin (type: <class 'str'>)
2025-04-25 08:51:41,618 INFO Authenticated user: {'_id': 'US001', 'role': 'admin'}
2025-04-25 08:51:41,618 INFO Normalized path: '/api/bookmarks/BM002', Condition: True
2025-04-25 08:51:41,618 INFO Middleware processing complete, passing to view
2025-04-25 08:51:41,618 INFO Checking permission - User role: admin, Allowed roles: ['admin', 'user']
2025-04-25 08:51:41,620 INFO User is admin, allowing access to bookmark
2025-04-25 08:51:41,622 INFO "GET /api/bookmarks/BM002/ HTTP/1.1" 200 146
2025-04-25 08:51:55,929 INFO Processing request: GET /api/bookmarks/BM002/
2025-04-25 08:51:55,929 INFO Requiring authentication for GET request on path: /api/bookmarks/BM002/
2025-04-25 08:51:55,930 INFO Decoded user_id: US002 (type: <class 'str'>), role: user (type: <class 'str'>)
2025-04-25 08:51:55,935 INFO Authenticated user: {'_id': 'US002', 'role': 'user'}
2025-04-25 08:51:55,936 INFO Normalized path: '/api/bookmarks/BM002', Condition: True
2025-04-25 08:51:55,936 INFO Middleware processing complete, passing to view
2025-04-25 08:51:55,936 INFO Checking permission - User role: user, Allowed roles: ['admin', 'user']
2025-04-25 08:51:55,939 WARNING User US002 attempted to access bookmark of user US003
2025-04-25 08:51:55,941 WARNING Forbidden: /api/bookmarks/BM002/
2025-04-25 08:51:55,942 WARNING "GET /api/bookmarks/BM002/ HTTP/1.1" 403 63
2025-04-25 08:52:21,659 INFO Processing request: GET /api/enrolls/ER002/
2025-04-25 08:52:21,661 INFO Requiring authentication for GET request on path: /api/enrolls/ER002/
2025-04-25 08:52:21,661 INFO Decoded user_id: US002 (type: <class 'str'>), role: user (type: <class 'str'>)
2025-04-25 08:52:21,667 INFO Authenticated user: {'_id': 'US002', 'role': 'user'}
2025-04-25 08:52:21,667 INFO Normalized path: '/api/enrolls/ER002', Condition: True
2025-04-25 08:52:21,667 INFO Middleware processing complete, passing to view
2025-04-25 08:52:21,667 INFO Checking permission - User role: user, Allowed roles: ['admin', 'user']
2025-04-25 08:52:21,671 INFO "GET /api/enrolls/ER002/ HTTP/1.1" 200 164
2025-04-25 08:52:26,899 INFO Processing request: GET /api/enrolls/ER002/
2025-04-25 08:52:26,899 INFO Requiring authentication for GET request on path: /api/enrolls/ER002/
2025-04-25 08:52:26,900 INFO Decoded user_id: US002 (type: <class 'str'>), role: user (type: <class 'str'>)
2025-04-25 08:52:26,904 INFO Authenticated user: {'_id': 'US002', 'role': 'user'}
2025-04-25 08:52:26,904 INFO Normalized path: '/api/enrolls/ER002', Condition: True
2025-04-25 08:52:26,905 INFO Middleware processing complete, passing to view
2025-04-25 08:52:26,905 INFO Checking permission - User role: user, Allowed roles: ['admin', 'user']
2025-04-25 08:52:26,914 INFO "GET /api/enrolls/ER002/ HTTP/1.1" 200 164
2025-04-25 08:52:35,258 INFO Processing request: GET /api/enrolls/ER001/
2025-04-25 08:52:35,258 INFO Requiring authentication for GET request on path: /api/enrolls/ER001/
2025-04-25 08:52:35,259 INFO Decoded user_id: US002 (type: <class 'str'>), role: user (type: <class 'str'>)
2025-04-25 08:52:35,263 INFO Authenticated user: {'_id': 'US002', 'role': 'user'}
2025-04-25 08:52:35,264 INFO Normalized path: '/api/enrolls/ER001', Condition: True
2025-04-25 08:52:35,264 INFO Middleware processing complete, passing to view
2025-04-25 08:52:35,264 INFO Checking permission - User role: user, Allowed roles: ['admin', 'user']
2025-04-25 08:52:35,272 WARNING User US002 attempted to access bookmark of user US003
2025-04-25 08:52:35,273 WARNING Forbidden: /api/enrolls/ER001/
2025-04-25 08:52:35,273 WARNING "GET /api/enrolls/ER001/ HTTP/1.1" 403 63
2025-04-25 08:52:51,435 INFO Processing request: GET /api/enrolls/ER002/
2025-04-25 08:52:51,435 INFO Requiring authentication for GET request on path: /api/enrolls/ER002/
2025-04-25 08:52:51,436 INFO Decoded user_id: US002 (type: <class 'str'>), role: user (type: <class 'str'>)
2025-04-25 08:52:51,440 INFO Authenticated user: {'_id': 'US002', 'role': 'user'}
2025-04-25 08:52:51,440 INFO Normalized path: '/api/enrolls/ER002', Condition: True
2025-04-25 08:52:51,440 INFO Middleware processing complete, passing to view
2025-04-25 08:52:51,440 INFO Checking permission - User role: user, Allowed roles: ['admin', 'user']
2025-04-25 08:52:51,444 INFO "GET /api/enrolls/ER002/ HTTP/1.1" 200 164
2025-04-25 08:52:57,548 INFO Processing request: PUT /api/enrolls/ER002/
2025-04-25 08:52:57,548 INFO Requiring authentication for PUT request on path: /api/enrolls/ER002/
2025-04-25 08:52:57,549 INFO Decoded user_id: US002 (type: <class 'str'>), role: user (type: <class 'str'>)
2025-04-25 08:52:57,554 INFO Authenticated user: {'_id': 'US002', 'role': 'user'}
2025-04-25 08:52:57,554 INFO Normalized path: '/api/enrolls/ER002', Condition: True
2025-04-25 08:52:57,554 INFO Middleware processing complete, passing to view
2025-04-25 08:52:57,554 INFO Checking permission - User role: user, Allowed roles: ['admin', 'user']
2025-04-25 08:52:57,562 WARNING Bad Request: /api/enrolls/ER002/
2025-04-25 08:52:57,563 WARNING "PUT /api/enrolls/ER002/ HTTP/1.1" 400 38
2025-04-25 08:54:30,040 INFO Watching for file changes with StatReloader
2025-04-25 08:54:34,282 INFO Processing request: PUT /api/enrolls/ER002/
2025-04-25 08:54:34,282 INFO Requiring authentication for PUT request on path: /api/enrolls/ER002/
2025-04-25 08:54:34,300 INFO Decoded user_id: US002 (type: <class 'str'>), role: user (type: <class 'str'>)
2025-04-25 08:54:34,307 INFO Authenticated user: {'_id': 'US002', 'role': 'user'}
2025-04-25 08:54:34,307 INFO Normalized path: '/api/enrolls/ER002', Condition: True
2025-04-25 08:54:34,307 INFO Middleware processing complete, passing to view
2025-04-25 08:54:34,307 INFO Checking permission - User role: user, Allowed roles: ['admin', 'user']
2025-04-25 08:54:34,329 INFO "PUT /api/enrolls/ER002/ HTTP/1.1" 200 160
2025-04-25 08:54:45,696 INFO Watching for file changes with StatReloader
2025-04-25 08:55:52,085 INFO Watching for file changes with StatReloader
2025-04-25 08:59:52,250 INFO Watching for file changes with StatReloader
2025-04-25 09:02:55,603 INFO Watching for file changes with StatReloader
2025-04-25 09:03:44,819 INFO Watching for file changes with StatReloader
2025-04-25 09:03:54,219 INFO Processing request: PUT /api/enrolls/ER002/
2025-04-25 09:03:54,219 INFO Requiring authentication for PUT request on path: /api/enrolls/ER002/
2025-04-25 09:03:54,241 INFO Decoded user_id: US002 (type: <class 'str'>), role: user (type: <class 'str'>)
2025-04-25 09:03:54,249 INFO Authenticated user: {'_id': 'US002', 'role': 'user'}
2025-04-25 09:03:54,250 INFO Normalized path: '/api/enrolls/ER002', Condition: True
2025-04-25 09:03:54,250 INFO Middleware processing complete, passing to view
2025-04-25 09:03:54,250 INFO Checking permission - User role: user, Allowed roles: ['admin', 'user']
2025-04-25 09:03:54,273 INFO "PUT /api/enrolls/ER002/ HTTP/1.1" 200 164
2025-04-25 09:04:52,424 INFO Processing request: GET /api/user-topic-progress/
2025-04-25 09:04:52,425 INFO Requiring authentication for GET request on path: /api/user-topic-progress/
2025-04-25 09:04:52,426 WARNING No token provided in Authorization header
2025-04-25 09:04:52,429 WARNING Unauthorized: /api/user-topic-progress/
2025-04-25 09:04:52,430 WARNING "GET /api/user-topic-progress/ HTTP/1.1" 401 50
2025-04-25 09:05:14,197 INFO Processing request: POST /api/user-topic-progress/
2025-04-25 09:05:14,198 INFO Requiring authentication for POST request on path: /api/user-topic-progress/
2025-04-25 09:05:14,199 INFO Decoded user_id: US002 (type: <class 'str'>), role: user (type: <class 'str'>)
2025-04-25 09:05:14,207 INFO Authenticated user: {'_id': 'US002', 'role': 'user'}
2025-04-25 09:05:14,207 INFO Normalized path: '/api/user-topic-progress', Condition: True
2025-04-25 09:05:14,208 INFO Middleware processing complete, passing to view
2025-04-25 09:05:14,208 INFO Checking permission - User role: user, Allowed roles: ['admin', 'user']
2025-04-25 09:05:14,224 INFO "POST /api/user-topic-progress/ HTTP/1.1" 201 130
2025-04-25 09:05:26,999 INFO Processing request: POST /api/social-login/
2025-04-25 09:05:26,999 INFO Skipping authentication for path: /api/social-login/
2025-04-25 09:05:27,081 INFO [Token] Generated token for user_id: US003, role: user
2025-04-25 09:05:27,082 INFO "POST /api/social-login/ HTTP/1.1" 200 675
2025-04-25 09:05:39,787 INFO Processing request: POST /api/user-topic-progress/
2025-04-25 09:05:39,788 INFO Requiring authentication for POST request on path: /api/user-topic-progress/
2025-04-25 09:05:39,788 INFO Decoded user_id: US003 (type: <class 'str'>), role: user (type: <class 'str'>)
2025-04-25 09:05:39,794 INFO Authenticated user: {'_id': 'US003', 'role': 'user'}
2025-04-25 09:05:39,795 INFO Normalized path: '/api/user-topic-progress', Condition: True
2025-04-25 09:05:39,795 INFO Middleware processing complete, passing to view
2025-04-25 09:05:39,795 INFO Checking permission - User role: user, Allowed roles: ['admin', 'user']
2025-04-25 09:05:39,813 INFO "POST /api/user-topic-progress/ HTTP/1.1" 201 130
2025-04-25 09:05:50,763 INFO Processing request: GET /api/user-topic-progress/PRG001/
2025-04-25 09:05:50,763 INFO Requiring authentication for GET request on path: /api/user-topic-progress/PRG001/
2025-04-25 09:05:50,763 INFO Decoded user_id: US003 (type: <class 'str'>), role: user (type: <class 'str'>)
2025-04-25 09:05:50,769 INFO Authenticated user: {'_id': 'US003', 'role': 'user'}
2025-04-25 09:05:50,769 INFO Normalized path: '/api/user-topic-progress/PRG001', Condition: True
2025-04-25 09:05:50,769 INFO Middleware processing complete, passing to view
2025-04-25 09:05:50,770 INFO Checking permission - User role: user, Allowed roles: ['admin', 'user']
2025-04-25 09:05:50,777 WARNING User US003 attempted to access bookmark of user US002
2025-04-25 09:05:50,786 WARNING Forbidden: /api/user-topic-progress/PRG001/
2025-04-25 09:05:50,796 WARNING "GET /api/user-topic-progress/PRG001/ HTTP/1.1" 403 63
2025-04-25 09:06:04,570 INFO Processing request: GET /api/user-topic-progress/percentage/PRG001/
2025-04-25 09:06:04,570 INFO Requiring authentication for GET request on path: /api/user-topic-progress/percentage/PRG001/
2025-04-25 09:06:04,571 INFO Decoded user_id: US003 (type: <class 'str'>), role: user (type: <class 'str'>)
2025-04-25 09:06:04,581 INFO Authenticated user: {'_id': 'US003', 'role': 'user'}
2025-04-25 09:06:04,582 INFO Normalized path: '/api/user-topic-progress/percentage/PRG001', Condition: True
2025-04-25 09:06:04,582 INFO Middleware processing complete, passing to view
2025-04-25 09:06:04,582 INFO Checking permission - User role: user, Allowed roles: ['admin', 'user']
2025-04-25 09:06:04,586 INFO "GET /api/user-topic-progress/percentage/PRG001/ HTTP/1.1" 200 91
2025-04-25 09:06:19,170 INFO Processing request: GET /api/user-topic-progress/percentage/PRG002/
2025-04-25 09:06:19,170 INFO Requiring authentication for GET request on path: /api/user-topic-progress/percentage/PRG002/
2025-04-25 09:06:19,170 INFO Decoded user_id: US003 (type: <class 'str'>), role: user (type: <class 'str'>)
2025-04-25 09:06:19,175 INFO Authenticated user: {'_id': 'US003', 'role': 'user'}
2025-04-25 09:06:19,176 INFO Normalized path: '/api/user-topic-progress/percentage/PRG002', Condition: True
2025-04-25 09:06:19,176 INFO Middleware processing complete, passing to view
2025-04-25 09:06:19,176 INFO Checking permission - User role: user, Allowed roles: ['admin', 'user']
2025-04-25 09:06:19,179 INFO "GET /api/user-topic-progress/percentage/PRG002/ HTTP/1.1" 200 91
2025-04-25 09:06:38,359 INFO Watching for file changes with StatReloader
2025-04-25 09:08:20,033 INFO Watching for file changes with StatReloader
2025-04-25 09:08:22,473 INFO Processing request: GET /api/user-topic-progress/percentage/PRG002/
2025-04-25 09:08:22,473 INFO Requiring authentication for GET request on path: /api/user-topic-progress/percentage/PRG002/
2025-04-25 09:08:22,488 INFO Decoded user_id: US003 (type: <class 'str'>), role: user (type: <class 'str'>)
2025-04-25 09:08:22,495 INFO Authenticated user: {'_id': 'US003', 'role': 'user'}
2025-04-25 09:08:22,495 INFO Normalized path: '/api/user-topic-progress/percentage/PRG002', Condition: True
2025-04-25 09:08:22,495 INFO Middleware processing complete, passing to view
2025-04-25 09:08:22,495 INFO Checking permission - User role: user, Allowed roles: ['admin', 'user']
2025-04-25 09:08:22,563 ERROR "GET /api/user-topic-progress/percentage/PRG002/ HTTP/1.1" 500 99918
2025-04-25 09:08:56,475 INFO Watching for file changes with StatReloader
2025-04-25 09:08:58,289 INFO Processing request: GET /api/user-topic-progress/percentage/PRG002/
2025-04-25 09:08:58,290 INFO Requiring authentication for GET request on path: /api/user-topic-progress/percentage/PRG002/
2025-04-25 09:08:58,311 INFO Decoded user_id: US003 (type: <class 'str'>), role: user (type: <class 'str'>)
2025-04-25 09:08:58,322 INFO Authenticated user: {'_id': 'US003', 'role': 'user'}
2025-04-25 09:08:58,322 INFO Normalized path: '/api/user-topic-progress/percentage/PRG002', Condition: True
2025-04-25 09:08:58,322 INFO Middleware processing complete, passing to view
2025-04-25 09:08:58,322 INFO Checking permission - User role: user, Allowed roles: ['admin', 'user']
2025-04-25 09:08:58,434 ERROR "GET /api/user-topic-progress/percentage/PRG002/ HTTP/1.1" 500 99927
2025-04-25 10:38:59,750 INFO Watching for file changes with StatReloader
2025-04-25 10:39:02,672 INFO Processing request: GET /api/user-topic-progress/percentage/PRG002/
2025-04-25 10:39:02,672 INFO Requiring authentication for GET request on path: /api/user-topic-progress/percentage/PRG002/
2025-04-25 10:39:02,688 ERROR Invalid or expired token: Token is expired
2025-04-25 10:39:02,689 WARNING Unauthorized: /api/user-topic-progress/percentage/PRG002/
2025-04-25 10:39:02,689 WARNING "GET /api/user-topic-progress/percentage/PRG002/ HTTP/1.1" 401 86
2025-04-25 10:39:06,105 INFO Processing request: POST /api/social-login/
2025-04-25 10:39:06,105 INFO Skipping authentication for path: /api/social-login/
2025-04-25 10:39:06,196 INFO [Token] Generated token for user_id: US003, role: user
2025-04-25 10:39:06,198 INFO "POST /api/social-login/ HTTP/1.1" 200 675
2025-04-25 10:39:15,860 INFO Processing request: GET /api/user-topic-progress/percentage/PRG002/
2025-04-25 10:39:15,861 INFO Requiring authentication for GET request on path: /api/user-topic-progress/percentage/PRG002/
2025-04-25 10:39:15,861 INFO Decoded user_id: US003 (type: <class 'str'>), role: user (type: <class 'str'>)
2025-04-25 10:39:15,867 INFO Authenticated user: {'_id': 'US003', 'role': 'user'}
2025-04-25 10:39:15,867 INFO Normalized path: '/api/user-topic-progress/percentage/PRG002', Condition: True
2025-04-25 10:39:15,867 INFO Middleware processing complete, passing to view
2025-04-25 10:39:15,868 INFO Checking permission - User role: user, Allowed roles: ['admin', 'user']
2025-04-25 10:39:16,389 ERROR "GET /api/user-topic-progress/percentage/PRG002/ HTTP/1.1" 500 100101
2025-04-25 10:39:46,138 INFO Processing request: GET /api/user-topic-progress/percentage/PRG002/
2025-04-25 10:39:46,138 INFO Requiring authentication for GET request on path: /api/user-topic-progress/percentage/PRG002/
2025-04-25 10:39:46,138 INFO Decoded user_id: US003 (type: <class 'str'>), role: user (type: <class 'str'>)
2025-04-25 10:39:46,145 INFO Authenticated user: {'_id': 'US003', 'role': 'user'}
2025-04-25 10:39:46,146 INFO Normalized path: '/api/user-topic-progress/percentage/PRG002', Condition: True
2025-04-25 10:39:46,146 INFO Middleware processing complete, passing to view
2025-04-25 10:39:46,146 INFO Checking permission - User role: user, Allowed roles: ['admin', 'user']
2025-04-25 10:39:46,179 ERROR "GET /api/user-topic-progress/percentage/PRG002/ HTTP/1.1" 500 100101
2025-04-25 10:39:51,496 INFO Watching for file changes with StatReloader
2025-04-25 10:39:53,505 INFO Processing request: GET /api/user-topic-progress/percentage/PRG002/
2025-04-25 10:39:53,505 INFO Requiring authentication for GET request on path: /api/user-topic-progress/percentage/PRG002/
2025-04-25 10:39:53,521 INFO Decoded user_id: US003 (type: <class 'str'>), role: user (type: <class 'str'>)
2025-04-25 10:39:53,529 INFO Authenticated user: {'_id': 'US003', 'role': 'user'}
2025-04-25 10:39:53,529 INFO Normalized path: '/api/user-topic-progress/percentage/PRG002', Condition: True
2025-04-25 10:39:53,530 INFO Middleware processing complete, passing to view
2025-04-25 10:39:53,530 INFO Checking permission - User role: user, Allowed roles: ['admin', 'user']
2025-04-25 10:39:53,534 INFO User US003 accessed their own progress
2025-04-25 10:39:53,665 ERROR "GET /api/user-topic-progress/percentage/PRG002/ HTTP/1.1" 500 146152
2025-04-25 10:41:10,218 INFO Watching for file changes with StatReloader
2025-04-25 10:41:13,421 INFO Processing request: GET /api/user-topic-progress/percentage/PRG002/
2025-04-25 10:41:13,422 INFO Requiring authentication for GET request on path: /api/user-topic-progress/percentage/PRG002/
2025-04-25 10:41:13,438 INFO Decoded user_id: US003 (type: <class 'str'>), role: user (type: <class 'str'>)
2025-04-25 10:41:13,447 INFO Authenticated user: {'_id': 'US003', 'role': 'user'}
2025-04-25 10:41:13,447 INFO Normalized path: '/api/user-topic-progress/percentage/PRG002', Condition: True
2025-04-25 10:41:13,447 INFO Middleware processing complete, passing to view
2025-04-25 10:41:13,447 INFO Checking permission - User role: user, Allowed roles: ['admin', 'user']
2025-04-25 10:41:13,451 INFO User US003 accessed their own progress
2025-04-25 10:41:13,509 ERROR "GET /api/user-topic-progress/percentage/PRG002/ HTTP/1.1" 500 146479
2025-04-25 10:45:01,550 INFO Watching for file changes with StatReloader
2025-04-25 10:45:11,276 INFO Watching for file changes with StatReloader
2025-04-25 10:45:16,946 INFO Processing request: GET /api/user-topic-progress/percentage/PRG002/
2025-04-25 10:45:16,946 INFO Requiring authentication for GET request on path: /api/user-topic-progress/percentage/PRG002/
2025-04-25 10:45:17,008 INFO Decoded user_id: US003 (type: <class 'str'>), role: user (type: <class 'str'>)
2025-04-25 10:45:17,025 INFO Authenticated user: {'_id': 'US003', 'role': 'user'}
2025-04-25 10:45:17,026 INFO Normalized path: '/api/user-topic-progress/percentage/PRG002', Condition: True
2025-04-25 10:45:17,026 INFO Middleware processing complete, passing to view
2025-04-25 10:45:17,026 INFO Checking permission - User role: user, Allowed roles: ['admin', 'user']
2025-04-25 10:45:17,030 INFO User US003 accessed their own progress
2025-04-25 10:45:17,201 ERROR "GET /api/user-topic-progress/percentage/PRG002/ HTTP/1.1" 500 146477
2025-04-25 10:46:52,588 INFO Watching for file changes with StatReloader
2025-04-25 10:47:00,851 INFO Processing request: GET /api/user-topic-progress/percentage/PRG002/
2025-04-25 10:47:00,851 INFO Requiring authentication for GET request on path: /api/user-topic-progress/percentage/PRG002/
2025-04-25 10:47:00,867 INFO Decoded user_id: US003 (type: <class 'str'>), role: user (type: <class 'str'>)
2025-04-25 10:47:00,874 INFO Authenticated user: {'_id': 'US003', 'role': 'user'}
2025-04-25 10:47:00,874 INFO Normalized path: '/api/user-topic-progress/percentage/PRG002', Condition: True
2025-04-25 10:47:00,874 INFO Middleware processing complete, passing to view
2025-04-25 10:47:00,874 INFO Checking permission - User role: user, Allowed roles: ['admin', 'user']
2025-04-25 10:47:00,881 INFO User US003 accessed their own progress
2025-04-25 10:47:00,886 INFO "GET /api/user-topic-progress/percentage/PRG002/ HTTP/1.1" 200 109
2025-04-25 10:47:06,810 INFO Processing request: GET /api/user-topic-progress/percentage/PRG001/
2025-04-25 10:47:06,810 INFO Requiring authentication for GET request on path: /api/user-topic-progress/percentage/PRG001/
2025-04-25 10:47:06,811 INFO Decoded user_id: US003 (type: <class 'str'>), role: user (type: <class 'str'>)
2025-04-25 10:47:06,816 INFO Authenticated user: {'_id': 'US003', 'role': 'user'}
2025-04-25 10:47:06,816 INFO Normalized path: '/api/user-topic-progress/percentage/PRG001', Condition: True
2025-04-25 10:47:06,816 INFO Middleware processing complete, passing to view
2025-04-25 10:47:06,816 INFO Checking permission - User role: user, Allowed roles: ['admin', 'user']
2025-04-25 10:47:06,819 WARNING User US003 attempted to access bookmark of user US002
2025-04-25 10:47:06,820 WARNING Forbidden: /api/user-topic-progress/percentage/PRG001/
2025-04-25 10:47:06,820 WARNING "GET /api/user-topic-progress/percentage/PRG001/ HTTP/1.1" 403 63
2025-04-25 10:50:22,290 INFO Watching for file changes with StatReloader
2025-04-25 10:50:59,105 INFO Watching for file changes with StatReloader
2025-04-25 10:51:00,845 INFO Processing request: GET /api/user-topic-progress/percentage/PRG001/
2025-04-25 10:51:00,846 INFO Requiring authentication for GET request on path: /api/user-topic-progress/percentage/PRG001/
2025-04-25 10:51:00,862 INFO Decoded user_id: US003 (type: <class 'str'>), role: user (type: <class 'str'>)
2025-04-25 10:51:00,870 INFO Authenticated user: {'_id': 'US003', 'role': 'user'}
2025-04-25 10:51:00,870 INFO Normalized path: '/api/user-topic-progress/percentage/PRG001', Condition: True
2025-04-25 10:51:00,870 INFO Middleware processing complete, passing to view
2025-04-25 10:51:00,920 ERROR "GET /api/user-topic-progress/percentage/PRG001/ HTTP/1.1" 500 107597
2025-04-25 10:52:09,520 INFO Watching for file changes with StatReloader
2025-04-25 10:52:30,132 INFO Watching for file changes with StatReloader
2025-04-25 10:52:34,948 INFO Processing request: GET /api/user-topic-progress/percentage/PRG001/
2025-04-25 10:52:34,949 INFO Requiring authentication for GET request on path: /api/user-topic-progress/percentage/PRG001/
2025-04-25 10:52:34,976 INFO Decoded user_id: US003 (type: <class 'str'>), role: user (type: <class 'str'>)
2025-04-25 10:52:34,985 INFO Authenticated user: {'_id': 'US003', 'role': 'user'}
2025-04-25 10:52:34,985 INFO Normalized path: '/api/user-topic-progress/percentage/PRG001', Condition: True
2025-04-25 10:52:34,985 INFO Middleware processing complete, passing to view
2025-04-25 10:52:34,987 INFO Checking permission - User role: user, Allowed roles: ['admin', 'user']
2025-04-25 10:52:34,987 INFO Authenticated user: {'_id': 'US003', 'role': 'user'}
2025-04-25 10:52:34,993 INFO Authenticated user ID: US003, Role: user
2025-04-25 10:52:34,995 INFO Object user ID (field 'UserID'): US002, Type: <class 'str'>
2025-04-25 10:52:34,995 INFO Comparing object_user_id: US002 with authenticated_user_id: US003
2025-04-25 10:52:34,995 WARNING User US003 attempted to access object of user US002
2025-04-25 10:52:34,997 WARNING Forbidden: /api/user-topic-progress/percentage/PRG001/
2025-04-25 10:52:34,999 WARNING "GET /api/user-topic-progress/percentage/PRG001/ HTTP/1.1" 403 63
2025-04-25 10:52:39,637 INFO Processing request: GET /api/user-topic-progress/percentage/PRG002/
2025-04-25 10:52:39,638 INFO Requiring authentication for GET request on path: /api/user-topic-progress/percentage/PRG002/
2025-04-25 10:52:39,638 INFO Decoded user_id: US003 (type: <class 'str'>), role: user (type: <class 'str'>)
2025-04-25 10:52:39,643 INFO Authenticated user: {'_id': 'US003', 'role': 'user'}
2025-04-25 10:52:39,643 INFO Normalized path: '/api/user-topic-progress/percentage/PRG002', Condition: True
2025-04-25 10:52:39,643 INFO Middleware processing complete, passing to view
2025-04-25 10:52:39,643 INFO Checking permission - User role: user, Allowed roles: ['admin', 'user']
2025-04-25 10:52:39,644 INFO Authenticated user: {'_id': 'US003', 'role': 'user'}
2025-04-25 10:52:39,645 INFO Authenticated user ID: US003, Role: user
2025-04-25 10:52:39,647 INFO Object user ID (field 'UserID'): US003, Type: <class 'str'>
2025-04-25 10:52:39,647 INFO Comparing object_user_id: US003 with authenticated_user_id: US003
2025-04-25 10:52:39,647 INFO User accessing their own object
2025-04-25 10:52:39,647 INFO Authenticated user ID: US003, Role: user
2025-04-25 10:52:39,647 INFO Object user ID (field 'UserID'): US003, Type: <class 'str'>
2025-04-25 10:52:39,647 INFO Comparing object_user_id: US003 with authenticated_user_id: US003
2025-04-25 10:52:39,647 INFO User accessing their own object
2025-04-25 10:52:39,648 INFO User US003 accessed their own progress
2025-04-25 10:52:39,652 INFO "GET /api/user-topic-progress/percentage/PRG002/ HTTP/1.1" 200 109
2025-04-25 10:53:27,169 INFO Watching for file changes with StatReloader
2025-04-25 10:53:44,300 INFO Watching for file changes with StatReloader
2025-04-25 10:53:47,693 INFO Watching for file changes with StatReloader
2025-04-25 10:54:06,026 INFO Processing request: GET /api/bookmarks/
2025-04-25 10:54:06,027 INFO Requiring authentication for GET request on path: /api/bookmarks/
2025-04-25 10:54:06,045 ERROR Invalid or expired token: Token is expired
2025-04-25 10:54:06,046 WARNING Unauthorized: /api/bookmarks/
2025-04-25 10:54:06,047 WARNING "GET /api/bookmarks/ HTTP/1.1" 401 86
2025-04-25 10:54:16,564 INFO Processing request: GET /api/bookmarks/
2025-04-25 10:54:16,564 INFO Requiring authentication for GET request on path: /api/bookmarks/
2025-04-25 10:54:16,565 INFO Decoded user_id: US003 (type: <class 'str'>), role: user (type: <class 'str'>)
2025-04-25 10:54:16,570 INFO Authenticated user: {'_id': 'US003', 'role': 'user'}
2025-04-25 10:54:16,570 INFO Normalized path: '/api/bookmarks', Condition: True
2025-04-25 10:54:16,571 INFO Middleware processing complete, passing to view
2025-04-25 10:54:16,571 INFO Checking permission - User role: user, Allowed roles: ['admin', 'user']
2025-04-25 10:54:16,572 INFO User US003 accessed their own bookmarks
2025-04-25 10:54:16,579 INFO "GET /api/bookmarks/ HTTP/1.1" 200 148
2025-04-25 10:54:23,904 INFO Processing request: GET /api/bookmarks/BM001/
2025-04-25 10:54:23,904 INFO Requiring authentication for GET request on path: /api/bookmarks/BM001/
2025-04-25 10:54:23,904 INFO Decoded user_id: US003 (type: <class 'str'>), role: user (type: <class 'str'>)
2025-04-25 10:54:23,909 INFO Authenticated user: {'_id': 'US003', 'role': 'user'}
2025-04-25 10:54:23,910 INFO Normalized path: '/api/bookmarks/BM001', Condition: True
2025-04-25 10:54:23,910 INFO Middleware processing complete, passing to view
2025-04-25 10:54:23,910 INFO Checking permission - User role: user, Allowed roles: ['admin', 'user']
2025-04-25 10:54:23,910 INFO Authenticated user: {'_id': 'US003', 'role': 'user'}
2025-04-25 10:54:23,911 INFO Authenticated user ID: US003, Role: user
2025-04-25 10:54:23,912 INFO Object user ID (field 'UserID'): US002, Type: <class 'str'>
2025-04-25 10:54:23,913 INFO Comparing object_user_id: US002 with authenticated_user_id: US003
2025-04-25 10:54:23,913 WARNING User US003 attempted to access object of user US002
2025-04-25 10:54:23,914 WARNING Forbidden: /api/bookmarks/BM001/
2025-04-25 10:54:23,915 WARNING "GET /api/bookmarks/BM001/ HTTP/1.1" 403 63
2025-04-25 10:55:35,213 INFO Watching for file changes with StatReloader
